0 verbose cli /opt/homebrew/Cellar/node/25.9.0_2/bin/node /opt/homebrew/bin/npm
1 info using npm@11.12.1
2 info using node@v25.9.0
3 silly config load:file:/opt/homebrew/lib/node_modules/npm/npmrc
4 silly config load:file:/Users/vfkmrjdcrfz/Documents/New project/.npmrc
5 silly config load:file:/Users/vfkmrjdcrfz/.npmrc
6 silly config load:file:/opt/homebrew/etc/npmrc
7 verbose title npm audit
8 verbose argv "audit" "--cache" "./.npm-cache"
9 verbose logfile logs-max:10 dir:/Users/vfkmrjdcrfz/Documents/New project/.npm-cache/_logs/2026-04-30T10_48_13_137Z-
10 verbose logfile /Users/vfkmrjdcrfz/Documents/New project/.npm-cache/_logs/2026-04-30T10_48_13_137Z-debug-0.log
11 silly logfile done cleaning log files
12 silly packumentCache heap:2348810240 maxSize:587202560 maxEntrySize:293601280
13 silly audit bulk request {
13 silly audit   '@alloc/quick-lru': [ '5.2.0' ],
13 silly audit   '@emnapi/core': [ '1.10.0' ],
13 silly audit   '@emnapi/runtime': [ '1.10.0' ],
13 silly audit   '@emnapi/wasi-threads': [ '1.2.1' ],
13 silly audit   '@jridgewell/gen-mapping': [ '0.3.13' ],
13 silly audit   '@jridgewell/resolve-uri': [ '3.1.2' ],
13 silly audit   '@jridgewell/sourcemap-codec': [ '1.5.5' ],
13 silly audit   '@jridgewell/trace-mapping': [ '0.3.31' ],
13 silly audit   '@napi-rs/wasm-runtime': [ '1.1.4' ],
13 silly audit   '@nodelib/fs.scandir': [ '2.1.5' ],
13 silly audit   '@nodelib/fs.stat': [ '2.0.5' ],
13 silly audit   '@nodelib/fs.walk': [ '1.2.8' ],
13 silly audit   '@oxc-project/types': [ '0.127.0' ],
13 silly audit   '@rolldown/binding-android-arm64': [ '1.0.0-rc.17' ],
13 silly audit   '@rolldown/binding-darwin-arm64': [ '1.0.0-rc.17' ],
13 silly audit   '@rolldown/binding-darwin-x64': [ '1.0.0-rc.17' ],
13 silly audit   '@rolldown/binding-freebsd-x64': [ '1.0.0-rc.17' ],
13 silly audit   '@rolldown/binding-linux-arm-gnueabihf': [ '1.0.0-rc.17' ],
13 silly audit   '@rolldown/binding-linux-arm64-gnu': [ '1.0.0-rc.17' ],
13 silly audit   '@rolldown/binding-linux-arm64-musl': [ '1.0.0-rc.17' ],
13 silly audit   '@rolldown/binding-linux-ppc64-gnu': [ '1.0.0-rc.17' ],
13 silly audit   '@rolldown/binding-linux-s390x-gnu': [ '1.0.0-rc.17' ],
13 silly audit   '@rolldown/binding-linux-x64-gnu': [ '1.0.0-rc.17' ],
13 silly audit   '@rolldown/binding-linux-x64-musl': [ '1.0.0-rc.17' ],
13 silly audit   '@rolldown/binding-openharmony-arm64': [ '1.0.0-rc.17' ],
13 silly audit   '@rolldown/binding-wasm32-wasi': [ '1.0.0-rc.17' ],
13 silly audit   '@rolldown/binding-win32-arm64-msvc': [ '1.0.0-rc.17' ],
13 silly audit   '@rolldown/binding-win32-x64-msvc': [ '1.0.0-rc.17' ],
13 silly audit   '@rolldown/pluginutils': [ '1.0.0-rc.7', '1.0.0-rc.17' ],
13 silly audit   '@tybys/wasm-util': [ '0.10.1' ],
13 silly audit   '@vitejs/plugin-react': [ '6.0.1' ],
13 silly audit   'any-promise': [ '1.3.0' ],
13 silly audit   anymatch: [ '3.1.3' ],
13 silly audit   arg: [ '5.0.2' ],
13 silly audit   autoprefixer: [ '10.5.0' ],
13 silly audit   'baseline-browser-mapping': [ '2.10.24' ],
13 silly audit   'binary-extensions': [ '2.3.0' ],
13 silly audit   braces: [ '3.0.3' ],
13 silly audit   browserslist: [ '4.28.2' ],
13 silly audit   'camelcase-css': [ '2.0.1' ],
13 silly audit   'caniuse-lite': [ '1.0.30001791' ],
13 silly audit   chokidar: [ '3.6.0' ],
13 silly audit   'glob-parent': [ '5.1.2', '6.0.2' ],
13 silly audit   commander: [ '4.1.1' ],
13 silly audit   cssesc: [ '3.0.0' ],
13 silly audit   'detect-libc': [ '2.1.2' ],
13 silly audit   didyoumean: [ '1.2.2' ],
13 silly audit   dlv: [ '1.1.3' ],
13 silly audit   'electron-to-chromium': [ '1.5.345' ],
13 silly audit   'es-errors': [ '1.3.0' ],
13 silly audit   escalade: [ '3.2.0' ],
13 silly audit   'fast-glob': [ '3.3.3' ],
13 silly audit   fastq: [ '1.20.1' ],
13 silly audit   'fill-range': [ '7.1.1' ],
13 silly audit   'fraction.js': [ '5.3.4' ],
13 silly audit   fsevents: [ '2.3.3' ],
13 silly audit   'function-bind': [ '1.1.2' ],
13 silly audit   hasown: [ '2.0.3' ],
13 silly audit   'is-binary-path': [ '2.1.0' ],
13 silly audit   'is-core-module': [ '2.16.1' ],
13 silly audit   'is-extglob': [ '2.1.1' ],
13 silly audit   'is-glob': [ '4.0.3' ],
13 silly audit   'is-number': [ '7.0.0' ],
13 silly audit   jiti: [ '1.21.7' ],
13 silly audit   'js-tokens': [ '4.0.0' ],
13 silly audit   lightningcss: [ '1.32.0' ],
13 silly audit   'lightningcss-android-arm64': [ '1.32.0' ],
13 silly audit   'lightningcss-darwin-arm64': [ '1.32.0' ],
13 silly audit   'lightningcss-darwin-x64': [ '1.32.0' ],
13 silly audit   'lightningcss-freebsd-x64': [ '1.32.0' ],
13 silly audit   'lightningcss-linux-arm-gnueabihf': [ '1.32.0' ],
13 silly audit   'lightningcss-linux-arm64-gnu': [ '1.32.0' ],
13 silly audit   'lightningcss-linux-arm64-musl': [ '1.32.0' ],
13 silly audit   'lightningcss-linux-x64-gnu': [ '1.32.0' ],
13 silly audit   'lightningcss-linux-x64-musl': [ '1.32.0' ],
13 silly audit   'lightningcss-win32-arm64-msvc': [ '1.32.0' ],
13 silly audit   'lightningcss-win32-x64-msvc': [ '1.32.0' ],
13 silly audit   lilconfig: [ '3.1.3' ],
13 silly audit   'lines-and-columns': [ '1.2.4' ],
13 silly audit   'loose-envify': [ '1.4.0' ],
13 silly audit   merge2: [ '1.4.1' ],
13 silly audit   micromatch: [ '4.0.8' ],
13 silly audit   mz: [ '2.7.0' ],
13 silly audit   nanoid: [ '3.3.11' ],
13 silly audit   'node-releases': [ '2.0.38' ],
13 silly audit   'normalize-path': [ '3.0.0' ],
13 silly audit   'object-assign': [ '4.1.1' ],
13 silly audit   'object-hash': [ '3.0.0' ],
13 silly audit   'path-parse': [ '1.0.7' ],
13 silly audit   picocolors: [ '1.1.1' ],
13 silly audit   picomatch: [ '2.3.2', '4.0.4' ],
13 silly audit   pify: [ '2.3.0' ],
13 silly audit   pirates: [ '4.0.7' ],
13 silly audit   postcss: [ '8.5.12' ],
13 silly audit   'postcss-import': [ '15.1.0' ],
13 silly audit   'postcss-js': [ '4.1.0' ],
13 silly audit   'postcss-load-config': [ '6.0.1' ],
13 silly audit   'postcss-nested': [ '6.2.0' ],
13 silly audit   'postcss-selector-parser': [ '6.1.2' ],
13 silly audit   'postcss-value-parser': [ '4.2.0' ],
13 silly audit   'queue-microtask': [ '1.2.3' ],
13 silly audit   react: [ '18.3.1' ],
13 silly audit   'react-dom': [ '18.3.1' ],
13 silly audit   'read-cache': [ '1.0.0' ],
13 silly audit   readdirp: [ '3.6.0' ],
13 silly audit   resolve: [ '1.22.12' ],
13 silly audit   reusify: [ '1.1.0' ],
13 silly audit   rolldown: [ '1.0.0-rc.17' ],
13 silly audit   'run-parallel': [ '1.2.0' ],
13 silly audit   scheduler: [ '0.23.2' ],
13 silly audit   'source-map-js': [ '1.2.1' ],
13 silly audit   sucrase: [ '3.35.1' ],
13 silly audit   'supports-preserve-symlinks-flag': [ '1.0.0' ],
13 silly audit   tailwindcss: [ '3.4.19' ],
13 silly audit   thenify: [ '3.3.1' ],
13 silly audit   'thenify-all': [ '1.6.0' ],
13 silly audit   tinyglobby: [ '0.2.16' ],
13 silly audit   fdir: [ '6.5.0' ],
13 silly audit   'to-regex-range': [ '5.0.1' ],
13 silly audit   'ts-interface-checker': [ '0.1.13' ],
13 silly audit   tslib: [ '2.8.1' ],
13 silly audit   'update-browserslist-db': [ '1.2.3' ],
13 silly audit   'util-deprecate': [ '1.0.2' ],
13 silly audit   vite: [ '8.0.10' ]
13 silly audit }
14 http fetch POST 200 https://registry.npmjs.org/-/npm/v1/security/advisories/bulk 443ms
15 silly audit report {}
16 verbose cwd /Users/vfkmrjdcrfz/Documents/New project
17 verbose os Darwin 25.4.0
18 verbose node v25.9.0
19 verbose npm  v11.12.1
20 verbose exit 0
21 info ok
