0 verbose cli /opt/homebrew/Cellar/node/25.9.0_2/bin/node /opt/homebrew/bin/npm
1 info using npm@11.12.1
2 info using node@v25.9.0
3 silly config load:file:/opt/homebrew/lib/node_modules/npm/npmrc
4 silly config load:file:/Users/vfkmrjdcrfz/Documents/New project/.npmrc
5 silly config load:file:/Users/vfkmrjdcrfz/.npmrc
6 silly config load:file:/opt/homebrew/etc/npmrc
7 verbose title npm install framer-motion lucide-react
8 verbose argv "install" "framer-motion" "lucide-react" "--cache" ".npm-cache"
9 verbose logfile logs-max:10 dir:/Users/vfkmrjdcrfz/Documents/New project/.npm-cache/_logs/2026-05-12T12_38_47_424Z-
10 verbose logfile /Users/vfkmrjdcrfz/Documents/New project/.npm-cache/_logs/2026-05-12T12_38_47_424Z-debug-0.log
11 silly logfile done cleaning log files
12 silly packumentCache heap:2348810240 maxSize:587202560 maxEntrySize:293601280
13 verbose shrinkwrap failed to load node_modules/.package-lock.json out of date, updated: node_modules
14 silly idealTree buildDeps
15 silly fetch manifest framer-motion@*
16 silly packumentCache full:https://registry.npmjs.org/framer-motion cache-miss
17 http fetch GET 200 https://registry.npmjs.org/npm 1035ms
18 http fetch GET 200 https://registry.npmjs.org/framer-motion 1628ms (cache miss)
19 silly packumentCache full:https://registry.npmjs.org/framer-motion set size:undefined disposed:false
20 silly fetch manifest @emotion/is-prop-valid@*
21 silly packumentCache full:https://registry.npmjs.org/@emotion%2fis-prop-valid cache-miss
22 http fetch GET 200 https://registry.npmjs.org/@emotion%2fis-prop-valid 150ms (cache miss)
23 silly packumentCache full:https://registry.npmjs.org/@emotion%2fis-prop-valid set size:undefined disposed:false
24 silly fetch manifest react@^18.2.0
25 silly packumentCache full:https://registry.npmjs.org/react cache-miss
26 http fetch GET 200 https://registry.npmjs.org/react 976ms (cache updated)
27 silly packumentCache full:https://registry.npmjs.org/react set size:undefined disposed:false
28 silly fetch manifest react-dom@^18.2.0
29 silly packumentCache full:https://registry.npmjs.org/react-dom cache-miss
30 http fetch GET 200 https://registry.npmjs.org/react-dom 906ms (cache updated)
31 silly packumentCache full:https://registry.npmjs.org/react-dom set size:undefined disposed:false
32 silly fetch manifest lucide-react@*
33 silly packumentCache full:https://registry.npmjs.org/lucide-react cache-miss
34 http fetch GET 200 https://registry.npmjs.org/lucide-react 554ms (cache miss)
35 silly packumentCache full:https://registry.npmjs.org/lucide-react set size:undefined disposed:false
36 silly placeDep ROOT framer-motion@12.38.0 OK for: beauty-hub@0.1.0 want: *
37 silly placeDep ROOT lucide-react@1.14.0 OK for: beauty-hub@0.1.0 want: *
38 silly fetch manifest motion-dom@^12.38.0
39 silly packumentCache full:https://registry.npmjs.org/motion-dom cache-miss
40 silly fetch manifest motion-utils@^12.36.0
41 silly packumentCache full:https://registry.npmjs.org/motion-utils cache-miss
42 http fetch GET 200 https://registry.npmjs.org/motion-utils 249ms (cache miss)
43 silly packumentCache full:https://registry.npmjs.org/motion-utils set size:undefined disposed:false
44 http fetch GET 200 https://registry.npmjs.org/motion-dom 348ms (cache miss)
45 silly packumentCache full:https://registry.npmjs.org/motion-dom set size:undefined disposed:false
46 silly placeDep ROOT motion-dom@12.38.0 OK for: framer-motion@12.38.0 want: ^12.38.0
47 silly placeDep ROOT motion-utils@12.36.0 OK for: framer-motion@12.38.0 want: ^12.36.0
48 silly reify moves {}
49 silly audit bulk request {
49 silly audit   '@alloc/quick-lru': [ '5.2.0' ],
49 silly audit   '@emnapi/core': [ '1.10.0' ],
49 silly audit   '@emnapi/runtime': [ '1.10.0' ],
49 silly audit   '@emnapi/wasi-threads': [ '1.2.1' ],
49 silly audit   '@jridgewell/gen-mapping': [ '0.3.13' ],
49 silly audit   '@jridgewell/resolve-uri': [ '3.1.2' ],
49 silly audit   '@jridgewell/sourcemap-codec': [ '1.5.5' ],
49 silly audit   '@jridgewell/trace-mapping': [ '0.3.31' ],
49 silly audit   '@napi-rs/wasm-runtime': [ '1.1.4' ],
49 silly audit   '@nodelib/fs.scandir': [ '2.1.5' ],
49 silly audit   '@nodelib/fs.stat': [ '2.0.5' ],
49 silly audit   '@nodelib/fs.walk': [ '1.2.8' ],
49 silly audit   '@oxc-project/types': [ '0.127.0' ],
49 silly audit   '@rolldown/binding-android-arm64': [ '1.0.0-rc.17' ],
49 silly audit   '@rolldown/binding-darwin-arm64': [ '1.0.0-rc.17' ],
49 silly audit   '@rolldown/binding-darwin-x64': [ '1.0.0-rc.17' ],
49 silly audit   '@rolldown/binding-freebsd-x64': [ '1.0.0-rc.17' ],
49 silly audit   '@rolldown/binding-linux-arm-gnueabihf': [ '1.0.0-rc.17' ],
49 silly audit   '@rolldown/binding-linux-arm64-gnu': [ '1.0.0-rc.17' ],
49 silly audit   '@rolldown/binding-linux-arm64-musl': [ '1.0.0-rc.17' ],
49 silly audit   '@rolldown/binding-linux-ppc64-gnu': [ '1.0.0-rc.17' ],
49 silly audit   '@rolldown/binding-linux-s390x-gnu': [ '1.0.0-rc.17' ],
49 silly audit   '@rolldown/binding-linux-x64-gnu': [ '1.0.0-rc.17' ],
49 silly audit   '@rolldown/binding-linux-x64-musl': [ '1.0.0-rc.17' ],
49 silly audit   '@rolldown/binding-openharmony-arm64': [ '1.0.0-rc.17' ],
49 silly audit   '@rolldown/binding-wasm32-wasi': [ '1.0.0-rc.17' ],
49 silly audit   '@rolldown/binding-win32-arm64-msvc': [ '1.0.0-rc.17' ],
49 silly audit   '@rolldown/binding-win32-x64-msvc': [ '1.0.0-rc.17' ],
49 silly audit   '@rolldown/pluginutils': [ '1.0.0-rc.7', '1.0.0-rc.17' ],
49 silly audit   '@tybys/wasm-util': [ '0.10.1' ],
49 silly audit   '@vitejs/plugin-react': [ '6.0.1' ],
49 silly audit   'any-promise': [ '1.3.0' ],
49 silly audit   anymatch: [ '3.1.3' ],
49 silly audit   arg: [ '5.0.2' ],
49 silly audit   autoprefixer: [ '10.5.0' ],
49 silly audit   'baseline-browser-mapping': [ '2.10.24' ],
49 silly audit   'binary-extensions': [ '2.3.0' ],
49 silly audit   braces: [ '3.0.3' ],
49 silly audit   browserslist: [ '4.28.2' ],
49 silly audit   'camelcase-css': [ '2.0.1' ],
49 silly audit   'caniuse-lite': [ '1.0.30001791' ],
49 silly audit   chokidar: [ '3.6.0' ],
49 silly audit   'glob-parent': [ '5.1.2', '6.0.2' ],
49 silly audit   commander: [ '4.1.1' ],
49 silly audit   cssesc: [ '3.0.0' ],
49 silly audit   'detect-libc': [ '2.1.2' ],
49 silly audit   didyoumean: [ '1.2.2' ],
49 silly audit   dlv: [ '1.1.3' ],
49 silly audit   'electron-to-chromium': [ '1.5.345' ],
49 silly audit   'es-errors': [ '1.3.0' ],
49 silly audit   escalade: [ '3.2.0' ],
49 silly audit   'fast-glob': [ '3.3.3' ],
49 silly audit   fastq: [ '1.20.1' ],
49 silly audit   'fill-range': [ '7.1.1' ],
49 silly audit   'fraction.js': [ '5.3.4' ],
49 silly audit   fsevents: [ '2.3.3' ],
49 silly audit   'function-bind': [ '1.1.2' ],
49 silly audit   hasown: [ '2.0.3' ],
49 silly audit   'is-binary-path': [ '2.1.0' ],
49 silly audit   'is-core-module': [ '2.16.1' ],
49 silly audit   'is-extglob': [ '2.1.1' ],
49 silly audit   'is-glob': [ '4.0.3' ],
49 silly audit   'is-number': [ '7.0.0' ],
49 silly audit   jiti: [ '1.21.7' ],
49 silly audit   'js-tokens': [ '4.0.0' ],
49 silly audit   lightningcss: [ '1.32.0' ],
49 silly audit   'lightningcss-android-arm64': [ '1.32.0' ],
49 silly audit   'lightningcss-darwin-arm64': [ '1.32.0' ],
49 silly audit   'lightningcss-darwin-x64': [ '1.32.0' ],
49 silly audit   'lightningcss-freebsd-x64': [ '1.32.0' ],
49 silly audit   'lightningcss-linux-arm-gnueabihf': [ '1.32.0' ],
49 silly audit   'lightningcss-linux-arm64-gnu': [ '1.32.0' ],
49 silly audit   'lightningcss-linux-arm64-musl': [ '1.32.0' ],
49 silly audit   'lightningcss-linux-x64-gnu': [ '1.32.0' ],
49 silly audit   'lightningcss-linux-x64-musl': [ '1.32.0' ],
49 silly audit   'lightningcss-win32-arm64-msvc': [ '1.32.0' ],
49 silly audit   'lightningcss-win32-x64-msvc': [ '1.32.0' ],
49 silly audit   lilconfig: [ '3.1.3' ],
49 silly audit   'lines-and-columns': [ '1.2.4' ],
49 silly audit   'loose-envify': [ '1.4.0' ],
49 silly audit   merge2: [ '1.4.1' ],
49 silly audit   micromatch: [ '4.0.8' ],
49 silly audit   mz: [ '2.7.0' ],
49 silly audit   nanoid: [ '3.3.11' ],
49 silly audit   'node-releases': [ '2.0.38' ],
49 silly audit   'normalize-path': [ '3.0.0' ],
49 silly audit   'object-assign': [ '4.1.1' ],
49 silly audit   'object-hash': [ '3.0.0' ],
49 silly audit   'path-parse': [ '1.0.7' ],
49 silly audit   picocolors: [ '1.1.1' ],
49 silly audit   picomatch: [ '2.3.2', '4.0.4' ],
49 silly audit   pify: [ '2.3.0' ],
49 silly audit   pirates: [ '4.0.7' ],
49 silly audit   postcss: [ '8.5.12' ],
49 silly audit   'postcss-import': [ '15.1.0' ],
49 silly audit   'postcss-js': [ '4.1.0' ],
49 silly audit   'postcss-load-config': [ '6.0.1' ],
49 silly audit   'postcss-nested': [ '6.2.0' ],
49 silly audit   'postcss-selector-parser': [ '6.1.2' ],
49 silly audit   'postcss-value-parser': [ '4.2.0' ],
49 silly audit   'queue-microtask': [ '1.2.3' ],
49 silly audit   react: [ '18.3.1' ],
49 silly audit   'react-dom': [ '18.3.1' ],
49 silly audit   'read-cache': [ '1.0.0' ],
49 silly audit   readdirp: [ '3.6.0' ],
49 silly audit   resolve: [ '1.22.12' ],
49 silly audit   reusify: [ '1.1.0' ],
49 silly audit   rolldown: [ '1.0.0-rc.17' ],
49 silly audit   'run-parallel': [ '1.2.0' ],
49 silly audit   scheduler: [ '0.23.2' ],
49 silly audit   'source-map-js': [ '1.2.1' ],
49 silly audit   sucrase: [ '3.35.1' ],
49 silly audit   'supports-preserve-symlinks-flag': [ '1.0.0' ],
49 silly audit   tailwindcss: [ '3.4.19' ],
49 silly audit   thenify: [ '3.3.1' ],
49 silly audit   'thenify-all': [ '1.6.0' ],
49 silly audit   tinyglobby: [ '0.2.16' ],
49 silly audit   fdir: [ '6.5.0' ],
49 silly audit   'to-regex-range': [ '5.0.1' ],
49 silly audit   'ts-interface-checker': [ '0.1.13' ],
49 silly audit   tslib: [ '2.8.1' ],
49 silly audit   'update-browserslist-db': [ '1.2.3' ],
49 silly audit   'util-deprecate': [ '1.0.2' ],
49 silly audit   vite: [ '8.0.10' ],
49 silly audit   'framer-motion': [ '12.38.0' ],
49 silly audit   'lucide-react': [ '1.14.0' ],
49 silly audit   'motion-dom': [ '12.38.0' ],
49 silly audit   'motion-utils': [ '12.36.0' ]
49 silly audit }
50 http cache motion-utils@https://registry.npmjs.org/motion-utils/-/motion-utils-12.36.0.tgz 0ms (cache hit)
51 http cache framer-motion@https://registry.npmjs.org/framer-motion/-/framer-motion-12.38.0.tgz 0ms (cache hit)
52 http cache lucide-react@https://registry.npmjs.org/lucide-react/-/lucide-react-1.14.0.tgz 0ms (cache hit)
53 http cache tslib@https://registry.npmjs.org/tslib/-/tslib-2.8.1.tgz 0ms (cache hit)
54 http cache motion-dom@https://registry.npmjs.org/motion-dom/-/motion-dom-12.38.0.tgz 0ms (cache hit)
55 silly tarball no local data for motion-utils@https://registry.npmjs.org/motion-utils/-/motion-utils-12.36.0.tgz. Extracting by manifest.
56 silly tarball no local data for framer-motion@https://registry.npmjs.org/framer-motion/-/framer-motion-12.38.0.tgz. Extracting by manifest.
57 silly tarball no local data for lucide-react@https://registry.npmjs.org/lucide-react/-/lucide-react-1.14.0.tgz. Extracting by manifest.
58 silly tarball no local data for motion-dom@https://registry.npmjs.org/motion-dom/-/motion-dom-12.38.0.tgz. Extracting by manifest.
59 silly tarball no local data for tslib@https://registry.npmjs.org/tslib/-/tslib-2.8.1.tgz. Extracting by manifest.
60 http fetch GET 200 https://registry.npmjs.org/motion-utils/-/motion-utils-12.36.0.tgz 263ms (cache miss)
61 http fetch POST 200 https://registry.npmjs.org/-/npm/v1/security/advisories/bulk 906ms
62 silly audit report {}
63 http fetch GET 200 https://registry.npmjs.org/tslib/-/tslib-2.8.1.tgz 1605ms (cache miss)
64 http fetch GET 200 https://registry.npmjs.org/motion-dom/-/motion-dom-12.38.0.tgz 1916ms (cache miss)
65 http fetch GET 200 https://registry.npmjs.org/framer-motion/-/framer-motion-12.38.0.tgz 2197ms (cache miss)
66 http fetch GET 200 https://registry.npmjs.org/lucide-react/-/lucide-react-1.14.0.tgz 2673ms (cache miss)
67 silly ADD node_modules/motion-utils
68 silly ADD node_modules/motion-dom
69 silly ADD node_modules/lucide-react
70 silly ADD node_modules/framer-motion
71 silly ADD node_modules/tslib
72 verbose cwd /Users/vfkmrjdcrfz/Documents/New project
73 verbose os Darwin 25.4.0
74 verbose node v25.9.0
75 verbose npm  v11.12.1
76 notice
76 notice New minor version of npm available! 11.12.1 -> 11.14.1
76 notice Changelog: https://github.com/npm/cli/releases/tag/v11.14.1
76 notice To update run: npm install -g npm@11.14.1
76 notice  { force: true, Symbol(proc-log.meta): true }
77 verbose exit 0
78 info ok
