0 verbose cli /opt/homebrew/Cellar/node/25.9.0_2/bin/node /opt/homebrew/bin/npm
1 info using npm@11.12.1
2 info using node@v25.9.0
3 silly config load:file:/opt/homebrew/lib/node_modules/npm/npmrc
4 silly config load:file:/Users/vfkmrjdcrfz/Documents/New project/.npmrc
5 silly config load:file:/Users/vfkmrjdcrfz/.npmrc
6 silly config load:file:/opt/homebrew/etc/npmrc
7 verbose title npm install
8 verbose argv "install" "--cache" "./.npm-cache"
9 verbose logfile logs-max:10 dir:/Users/vfkmrjdcrfz/Documents/New project/.npm-cache/_logs/2026-04-30T10_47_11_897Z-
10 verbose logfile /Users/vfkmrjdcrfz/Documents/New project/.npm-cache/_logs/2026-04-30T10_47_11_897Z-debug-0.log
11 silly logfile done cleaning log files
12 silly packumentCache heap:2348810240 maxSize:587202560 maxEntrySize:293601280
13 verbose shrinkwrap failed to load node_modules/.package-lock.json out of date, updated: node_modules
14 silly idealTree buildDeps
15 silly fetch manifest @vitejs/plugin-react@^6.0.1
16 silly packumentCache full:https://registry.npmjs.org/@vitejs%2fplugin-react cache-miss
17 http cache https://registry.npmjs.org/@vitejs%2fplugin-react 15ms (cache hit)
18 silly packumentCache full:https://registry.npmjs.org/@vitejs%2fplugin-react set size:264287 disposed:false
19 silly fetch manifest @rolldown/plugin-babel@^0.1.7 || ^0.2.0
20 silly packumentCache full:https://registry.npmjs.org/@rolldown%2fplugin-babel cache-miss
21 http fetch GET 200 https://registry.npmjs.org/@rolldown%2fplugin-babel 442ms (cache miss)
22 silly packumentCache full:https://registry.npmjs.org/@rolldown%2fplugin-babel set size:undefined disposed:false
23 silly fetch manifest @babel/core@^7.29.0 || ^8.0.0-rc.1
24 silly packumentCache full:https://registry.npmjs.org/@babel%2fcore cache-miss
25 http cache https://registry.npmjs.org/@babel%2fcore 6ms (cache hit)
26 silly packumentCache full:https://registry.npmjs.org/@babel%2fcore set size:764052 disposed:false
27 silly fetch manifest @babel/plugin-transform-runtime@^7.29.0 || ^8.0.0-rc.1
28 silly packumentCache full:https://registry.npmjs.org/@babel%2fplugin-transform-runtime cache-miss
29 http fetch GET 200 https://registry.npmjs.org/@babel%2fplugin-transform-runtime 262ms (cache miss)
30 silly packumentCache full:https://registry.npmjs.org/@babel%2fplugin-transform-runtime set size:undefined disposed:false
31 silly fetch manifest @babel/runtime@^7.27.0 || ^8.0.0-rc.1
32 silly packumentCache full:https://registry.npmjs.org/@babel%2fruntime cache-miss
33 http fetch GET 200 https://registry.npmjs.org/@babel%2fruntime 527ms (cache miss)
34 silly packumentCache full:https://registry.npmjs.org/@babel%2fruntime set size:undefined disposed:false
35 silly fetch manifest rolldown@^1.0.0-rc.5
36 silly packumentCache full:https://registry.npmjs.org/rolldown cache-miss
37 http fetch GET 200 https://registry.npmjs.org/rolldown 389ms (cache miss)
38 silly packumentCache full:https://registry.npmjs.org/rolldown set size:undefined disposed:false
39 silly fetch manifest vite@^8.0.10
40 silly packumentCache full:https://registry.npmjs.org/vite cache-miss
41 http cache https://registry.npmjs.org/vite 61ms (cache hit)
42 silly packumentCache full:https://registry.npmjs.org/vite set size:38816674 disposed:false
43 silly fetch manifest @types/node@^20.19.0 || >=22.12.0
44 silly packumentCache full:https://registry.npmjs.org/@types%2fnode cache-miss
45 http cache https://registry.npmjs.org/@types%2fnode 19ms (cache hit)
46 silly packumentCache full:https://registry.npmjs.org/@types%2fnode set size:10972342 disposed:false
47 silly fetch manifest @vitejs/devtools@^0.1.0
48 silly packumentCache full:https://registry.npmjs.org/@vitejs%2fdevtools cache-miss
49 http fetch GET 200 https://registry.npmjs.org/@vitejs%2fdevtools 195ms (cache miss)
50 silly packumentCache full:https://registry.npmjs.org/@vitejs%2fdevtools set size:undefined disposed:false
51 silly fetch manifest esbuild@^0.27.0 || ^0.28.0
52 silly packumentCache full:https://registry.npmjs.org/esbuild cache-miss
53 http cache https://registry.npmjs.org/esbuild 6ms (cache hit)
54 silly packumentCache full:https://registry.npmjs.org/esbuild set size:1254708 disposed:false
55 silly fetch manifest jiti@>=1.21.0
56 silly packumentCache full:https://registry.npmjs.org/jiti cache-miss
57 http cache https://registry.npmjs.org/jiti 3ms (cache hit)
58 silly packumentCache full:https://registry.npmjs.org/jiti set size:382310 disposed:false
59 silly fetch manifest less@^4.0.0
60 silly packumentCache full:https://registry.npmjs.org/less cache-miss
61 http cache https://registry.npmjs.org/less 3ms (cache hit)
62 silly packumentCache full:https://registry.npmjs.org/less set size:461684 disposed:false
63 silly fetch manifest sass@^1.70.0
64 silly packumentCache full:https://registry.npmjs.org/sass cache-miss
65 http cache https://registry.npmjs.org/sass 3ms (cache hit)
66 silly packumentCache full:https://registry.npmjs.org/sass set size:726244 disposed:false
67 silly fetch manifest sass-embedded@^1.70.0
68 silly packumentCache full:https://registry.npmjs.org/sass-embedded cache-miss
69 http cache https://registry.npmjs.org/sass-embedded 3ms (cache hit)
70 silly packumentCache full:https://registry.npmjs.org/sass-embedded set size:415594 disposed:false
71 silly fetch manifest stylus@>=0.54.8
72 silly packumentCache full:https://registry.npmjs.org/stylus cache-miss
73 http cache https://registry.npmjs.org/stylus 3ms (cache hit)
74 silly packumentCache full:https://registry.npmjs.org/stylus set size:286766 disposed:false
75 silly fetch manifest sugarss@^5.0.0
76 silly packumentCache full:https://registry.npmjs.org/sugarss cache-miss
77 http cache https://registry.npmjs.org/sugarss 1ms (cache hit)
78 silly packumentCache full:https://registry.npmjs.org/sugarss set size:44975 disposed:false
79 silly fetch manifest postcss@^8.4.38
80 silly packumentCache full:https://registry.npmjs.org/postcss cache-miss
81 http cache https://registry.npmjs.org/postcss 2ms (cache hit)
82 silly packumentCache full:https://registry.npmjs.org/postcss set size:714272 disposed:false
83 silly fetch manifest terser@^5.16.0
84 silly packumentCache full:https://registry.npmjs.org/terser cache-miss
85 http cache https://registry.npmjs.org/terser 2ms (cache hit)
86 silly packumentCache full:https://registry.npmjs.org/terser set size:793225 disposed:false
87 silly fetch manifest tsx@^4.8.1
88 silly packumentCache full:https://registry.npmjs.org/tsx cache-miss
89 http cache https://registry.npmjs.org/tsx 2ms (cache hit)
90 silly packumentCache full:https://registry.npmjs.org/tsx set size:289592 disposed:false
91 silly fetch manifest yaml@^2.4.2
92 silly packumentCache full:https://registry.npmjs.org/yaml cache-miss
93 http cache https://registry.npmjs.org/yaml 2ms (cache hit)
94 silly packumentCache full:https://registry.npmjs.org/yaml set size:375230 disposed:false
95 silly fetch manifest babel-plugin-react-compiler@^1.0.0
96 silly packumentCache full:https://registry.npmjs.org/babel-plugin-react-compiler cache-miss
97 http fetch GET 200 https://registry.npmjs.org/babel-plugin-react-compiler 162ms (cache miss)
98 silly packumentCache full:https://registry.npmjs.org/babel-plugin-react-compiler set size:undefined disposed:false
99 silly placeDep ROOT @vitejs/plugin-react@6.0.1 REPLACE for: iron-os@0.1.0 want: ^6.0.1
100 silly placeDep ROOT vite@8.0.10 OK for: @vitejs/plugin-react@6.0.1 want: ^8.0.0
101 silly fetch manifest @rolldown/pluginutils@1.0.0-rc.7
102 silly packumentCache full:https://registry.npmjs.org/@rolldown%2fpluginutils cache-miss
103 silly fetch manifest lightningcss@^1.32.0
104 silly packumentCache full:https://registry.npmjs.org/lightningcss cache-miss
105 silly fetch manifest picomatch@^4.0.4
106 silly packumentCache full:https://registry.npmjs.org/picomatch cache-miss
107 silly fetch manifest rolldown@1.0.0-rc.17
108 silly packumentCache full:https://registry.npmjs.org/rolldown cache-miss
109 http cache https://registry.npmjs.org/lightningcss 12ms (cache hit)
110 silly packumentCache full:https://registry.npmjs.org/lightningcss set size:186753 disposed:false
111 http cache https://registry.npmjs.org/@rolldown%2fpluginutils 14ms (cache hit)
112 silly packumentCache full:https://registry.npmjs.org/@rolldown%2fpluginutils set size:291991 disposed:false
113 http cache https://registry.npmjs.org/rolldown 19ms (cache hit)
114 silly packumentCache full:https://registry.npmjs.org/rolldown set size:3695119 disposed:false
115 http cache https://registry.npmjs.org/picomatch 34ms (cache hit)
116 silly packumentCache full:https://registry.npmjs.org/picomatch set size:126376 disposed:false
117 silly placeDep ROOT @rolldown/pluginutils@1.0.0-rc.7 OK for: @vitejs/plugin-react@6.0.1 want: 1.0.0-rc.7
118 silly placeDep ROOT lightningcss@1.32.0 OK for: vite@8.0.10 want: ^1.32.0
119 silly placeDep node_modules/vite picomatch@4.0.4 OK for: vite@8.0.10 want: ^4.0.4
120 silly placeDep ROOT rolldown@1.0.0-rc.17 OK for: vite@8.0.10 want: 1.0.0-rc.17
121 silly fetch manifest detect-libc@^2.0.3
122 silly packumentCache full:https://registry.npmjs.org/detect-libc cache-miss
123 silly fetch manifest lightningcss-darwin-x64@1.32.0
124 silly packumentCache full:https://registry.npmjs.org/lightningcss-darwin-x64 cache-miss
125 silly fetch manifest lightningcss-linux-x64-gnu@1.32.0
126 silly packumentCache full:https://registry.npmjs.org/lightningcss-linux-x64-gnu cache-miss
127 silly fetch manifest lightningcss-win32-x64-msvc@1.32.0
128 silly packumentCache full:https://registry.npmjs.org/lightningcss-win32-x64-msvc cache-miss
129 silly fetch manifest lightningcss-win32-arm64-msvc@1.32.0
130 silly packumentCache full:https://registry.npmjs.org/lightningcss-win32-arm64-msvc cache-miss
131 silly fetch manifest lightningcss-darwin-arm64@1.32.0
132 silly packumentCache full:https://registry.npmjs.org/lightningcss-darwin-arm64 cache-miss
133 silly fetch manifest lightningcss-linux-arm64-gnu@1.32.0
134 silly packumentCache full:https://registry.npmjs.org/lightningcss-linux-arm64-gnu cache-miss
135 http fetch GET 200 https://registry.npmjs.org/lightningcss-darwin-x64 107ms (cache miss)
136 silly packumentCache full:https://registry.npmjs.org/lightningcss-darwin-x64 set size:undefined disposed:false
137 silly fetch manifest lightningcss-linux-arm-gnueabihf@1.32.0
138 silly packumentCache full:https://registry.npmjs.org/lightningcss-linux-arm-gnueabihf cache-miss
139 http fetch GET 200 https://registry.npmjs.org/lightningcss-linux-arm-gnueabihf 105ms (cache miss)
140 silly packumentCache full:https://registry.npmjs.org/lightningcss-linux-arm-gnueabihf set size:undefined disposed:false
141 silly fetch manifest lightningcss-linux-arm64-musl@1.32.0
142 silly packumentCache full:https://registry.npmjs.org/lightningcss-linux-arm64-musl cache-miss
143 http fetch GET 200 https://registry.npmjs.org/lightningcss-linux-arm64-musl 115ms (cache miss)
144 silly packumentCache full:https://registry.npmjs.org/lightningcss-linux-arm64-musl set size:undefined disposed:false
145 silly fetch manifest lightningcss-linux-x64-musl@1.32.0
146 silly packumentCache full:https://registry.npmjs.org/lightningcss-linux-x64-musl cache-miss
147 http fetch GET 200 https://registry.npmjs.org/detect-libc 353ms (cache miss)
148 silly packumentCache full:https://registry.npmjs.org/detect-libc set size:undefined disposed:false
149 silly fetch manifest lightningcss-freebsd-x64@1.32.0
150 silly packumentCache full:https://registry.npmjs.org/lightningcss-freebsd-x64 cache-miss
151 http fetch GET 200 https://registry.npmjs.org/lightningcss-win32-arm64-msvc 371ms (cache miss)
152 silly packumentCache full:https://registry.npmjs.org/lightningcss-win32-arm64-msvc set size:undefined disposed:false
153 silly fetch manifest lightningcss-android-arm64@1.32.0
154 silly packumentCache full:https://registry.npmjs.org/lightningcss-android-arm64 cache-miss
155 http fetch GET 200 https://registry.npmjs.org/lightningcss-linux-x64-musl 119ms (cache miss)
156 silly packumentCache full:https://registry.npmjs.org/lightningcss-linux-x64-musl set size:undefined disposed:false
157 silly fetch manifest @oxc-project/types@=0.127.0
158 silly packumentCache full:https://registry.npmjs.org/@oxc-project%2ftypes cache-miss
159 http fetch GET 200 https://registry.npmjs.org/lightningcss-darwin-arm64 541ms (cache miss)
160 silly packumentCache full:https://registry.npmjs.org/lightningcss-darwin-arm64 set size:undefined disposed:false
161 silly fetch manifest @rolldown/pluginutils@1.0.0-rc.17
162 silly packumentCache full:https://registry.npmjs.org/@rolldown%2fpluginutils cache-hit
163 silly fetch manifest @rolldown/binding-darwin-x64@1.0.0-rc.17
164 silly packumentCache full:https://registry.npmjs.org/@rolldown%2fbinding-darwin-x64 cache-miss
165 http fetch GET 200 https://registry.npmjs.org/lightningcss-win32-x64-msvc 549ms (cache miss)
166 silly packumentCache full:https://registry.npmjs.org/lightningcss-win32-x64-msvc set size:undefined disposed:false
167 silly fetch manifest @rolldown/binding-freebsd-x64@1.0.0-rc.17
168 silly packumentCache full:https://registry.npmjs.org/@rolldown%2fbinding-freebsd-x64 cache-miss
169 http fetch GET 200 https://registry.npmjs.org/lightningcss-linux-arm64-gnu 551ms (cache miss)
170 silly packumentCache full:https://registry.npmjs.org/lightningcss-linux-arm64-gnu set size:undefined disposed:false
171 silly fetch manifest @rolldown/binding-wasm32-wasi@1.0.0-rc.17
172 silly packumentCache full:https://registry.npmjs.org/@rolldown%2fbinding-wasm32-wasi cache-miss
173 http fetch GET 200 https://registry.npmjs.org/@oxc-project%2ftypes 108ms (cache miss)
174 silly packumentCache full:https://registry.npmjs.org/@oxc-project%2ftypes set size:undefined disposed:false
175 silly fetch manifest @rolldown/binding-darwin-arm64@1.0.0-rc.17
176 silly packumentCache full:https://registry.npmjs.org/@rolldown%2fbinding-darwin-arm64 cache-miss
177 http fetch GET 200 https://registry.npmjs.org/lightningcss-linux-x64-gnu 564ms (cache miss)
178 silly packumentCache full:https://registry.npmjs.org/lightningcss-linux-x64-gnu set size:undefined disposed:false
179 silly fetch manifest @rolldown/binding-android-arm64@1.0.0-rc.17
180 silly packumentCache full:https://registry.npmjs.org/@rolldown%2fbinding-android-arm64 cache-miss
181 http fetch GET 200 https://registry.npmjs.org/@rolldown%2fbinding-android-arm64 159ms (cache miss)
182 silly packumentCache full:https://registry.npmjs.org/@rolldown%2fbinding-android-arm64 set size:undefined disposed:false
183 silly fetch manifest @rolldown/binding-linux-x64-gnu@1.0.0-rc.17
184 silly packumentCache full:https://registry.npmjs.org/@rolldown%2fbinding-linux-x64-gnu cache-miss
185 http fetch GET 200 https://registry.npmjs.org/@rolldown%2fbinding-darwin-x64 817ms (cache miss)
186 silly packumentCache full:https://registry.npmjs.org/@rolldown%2fbinding-darwin-x64 set size:undefined disposed:false
187 silly fetch manifest @rolldown/binding-linux-x64-musl@1.0.0-rc.17
188 silly packumentCache full:https://registry.npmjs.org/@rolldown%2fbinding-linux-x64-musl cache-miss
189 http fetch GET 200 https://registry.npmjs.org/@rolldown%2fbinding-darwin-arm64 818ms (cache miss)
190 silly packumentCache full:https://registry.npmjs.org/@rolldown%2fbinding-darwin-arm64 set size:undefined disposed:false
191 silly fetch manifest @rolldown/binding-win32-x64-msvc@1.0.0-rc.17
192 silly packumentCache full:https://registry.npmjs.org/@rolldown%2fbinding-win32-x64-msvc cache-miss
193 http fetch GET 200 https://registry.npmjs.org/@rolldown%2fbinding-freebsd-x64 945ms (cache miss)
194 silly packumentCache full:https://registry.npmjs.org/@rolldown%2fbinding-freebsd-x64 set size:undefined disposed:false
195 silly fetch manifest @rolldown/binding-linux-arm64-gnu@1.0.0-rc.17
196 silly packumentCache full:https://registry.npmjs.org/@rolldown%2fbinding-linux-arm64-gnu cache-miss
197 http fetch GET 200 https://registry.npmjs.org/@rolldown%2fbinding-linux-x64-gnu 1101ms (cache miss)
198 silly packumentCache full:https://registry.npmjs.org/@rolldown%2fbinding-linux-x64-gnu set size:undefined disposed:false
199 silly fetch manifest @rolldown/binding-linux-ppc64-gnu@1.0.0-rc.17
200 silly packumentCache full:https://registry.npmjs.org/@rolldown%2fbinding-linux-ppc64-gnu cache-miss
201 http fetch GET 200 https://registry.npmjs.org/lightningcss-android-arm64 1541ms (cache miss)
202 silly packumentCache full:https://registry.npmjs.org/lightningcss-android-arm64 set size:undefined disposed:false
203 silly fetch manifest @rolldown/binding-linux-s390x-gnu@1.0.0-rc.17
204 silly packumentCache full:https://registry.npmjs.org/@rolldown%2fbinding-linux-s390x-gnu cache-miss
205 http fetch GET 200 https://registry.npmjs.org/@rolldown%2fbinding-linux-ppc64-gnu 152ms (cache miss)
206 silly packumentCache full:https://registry.npmjs.org/@rolldown%2fbinding-linux-ppc64-gnu set size:undefined disposed:false
207 silly fetch manifest @rolldown/binding-linux-arm64-musl@1.0.0-rc.17
208 silly packumentCache full:https://registry.npmjs.org/@rolldown%2fbinding-linux-arm64-musl cache-miss
209 http fetch GET 200 https://registry.npmjs.org/@rolldown%2fbinding-linux-s390x-gnu 184ms (cache miss)
210 silly packumentCache full:https://registry.npmjs.org/@rolldown%2fbinding-linux-s390x-gnu set size:undefined disposed:false
211 silly fetch manifest @rolldown/binding-win32-arm64-msvc@1.0.0-rc.17
212 silly packumentCache full:https://registry.npmjs.org/@rolldown%2fbinding-win32-arm64-msvc cache-miss
213 http fetch GET 200 https://registry.npmjs.org/lightningcss-freebsd-x64 1768ms (cache miss)
214 silly packumentCache full:https://registry.npmjs.org/lightningcss-freebsd-x64 set size:undefined disposed:false
215 silly fetch manifest @rolldown/binding-openharmony-arm64@1.0.0-rc.17
216 silly packumentCache full:https://registry.npmjs.org/@rolldown%2fbinding-openharmony-arm64 cache-miss
217 http fetch GET 200 https://registry.npmjs.org/@rolldown%2fbinding-win32-x64-msvc 750ms (cache miss)
218 silly packumentCache full:https://registry.npmjs.org/@rolldown%2fbinding-win32-x64-msvc set size:undefined disposed:false
219 silly fetch manifest @rolldown/binding-linux-arm-gnueabihf@1.0.0-rc.17
220 silly packumentCache full:https://registry.npmjs.org/@rolldown%2fbinding-linux-arm-gnueabihf cache-miss
221 http fetch GET 200 https://registry.npmjs.org/@rolldown%2fbinding-openharmony-arm64 133ms (cache miss)
222 silly packumentCache full:https://registry.npmjs.org/@rolldown%2fbinding-openharmony-arm64 set size:undefined disposed:false
223 http fetch GET 200 https://registry.npmjs.org/@rolldown%2fbinding-wasm32-wasi 1707ms (cache miss)
224 silly packumentCache full:https://registry.npmjs.org/@rolldown%2fbinding-wasm32-wasi set size:undefined disposed:false
225 http fetch GET 200 https://registry.npmjs.org/@rolldown%2fbinding-linux-arm64-gnu 847ms (cache miss)
226 silly packumentCache full:https://registry.npmjs.org/@rolldown%2fbinding-linux-arm64-gnu set size:undefined disposed:false
227 http fetch GET 200 https://registry.npmjs.org/@rolldown%2fbinding-win32-arm64-msvc 309ms (cache miss)
228 silly packumentCache full:https://registry.npmjs.org/@rolldown%2fbinding-win32-arm64-msvc set size:undefined disposed:false
229 http fetch GET 200 https://registry.npmjs.org/@rolldown%2fbinding-linux-x64-musl 1191ms (cache miss)
230 silly packumentCache full:https://registry.npmjs.org/@rolldown%2fbinding-linux-x64-musl set size:undefined disposed:false
231 http fetch GET 200 https://registry.npmjs.org/@rolldown%2fbinding-linux-arm64-musl 722ms (cache miss)
232 silly packumentCache full:https://registry.npmjs.org/@rolldown%2fbinding-linux-arm64-musl set size:undefined disposed:false
233 http fetch GET 200 https://registry.npmjs.org/@rolldown%2fbinding-linux-arm-gnueabihf 676ms (cache miss)
234 silly packumentCache full:https://registry.npmjs.org/@rolldown%2fbinding-linux-arm-gnueabihf set size:undefined disposed:false
235 silly placeDep ROOT detect-libc@2.1.2 OK for: lightningcss@1.32.0 want: ^2.0.3
236 silly placeDep ROOT lightningcss-android-arm64@1.32.0 OK for: lightningcss@1.32.0 want: 1.32.0
237 silly placeDep ROOT lightningcss-darwin-arm64@1.32.0 OK for: lightningcss@1.32.0 want: 1.32.0
238 silly placeDep ROOT lightningcss-darwin-x64@1.32.0 OK for: lightningcss@1.32.0 want: 1.32.0
239 silly placeDep ROOT lightningcss-freebsd-x64@1.32.0 OK for: lightningcss@1.32.0 want: 1.32.0
240 silly placeDep ROOT lightningcss-linux-arm-gnueabihf@1.32.0 OK for: lightningcss@1.32.0 want: 1.32.0
241 silly placeDep ROOT lightningcss-linux-arm64-gnu@1.32.0 OK for: lightningcss@1.32.0 want: 1.32.0
242 silly placeDep ROOT lightningcss-linux-arm64-musl@1.32.0 OK for: lightningcss@1.32.0 want: 1.32.0
243 silly placeDep ROOT lightningcss-linux-x64-gnu@1.32.0 OK for: lightningcss@1.32.0 want: 1.32.0
244 silly placeDep ROOT lightningcss-linux-x64-musl@1.32.0 OK for: lightningcss@1.32.0 want: 1.32.0
245 silly placeDep ROOT lightningcss-win32-arm64-msvc@1.32.0 OK for: lightningcss@1.32.0 want: 1.32.0
246 silly placeDep ROOT lightningcss-win32-x64-msvc@1.32.0 OK for: lightningcss@1.32.0 want: 1.32.0
247 silly placeDep ROOT @oxc-project/types@0.127.0 OK for: rolldown@1.0.0-rc.17 want: =0.127.0
248 silly placeDep ROOT @rolldown/binding-android-arm64@1.0.0-rc.17 OK for: rolldown@1.0.0-rc.17 want: 1.0.0-rc.17
249 silly placeDep ROOT @rolldown/binding-darwin-arm64@1.0.0-rc.17 OK for: rolldown@1.0.0-rc.17 want: 1.0.0-rc.17
250 silly placeDep ROOT @rolldown/binding-darwin-x64@1.0.0-rc.17 OK for: rolldown@1.0.0-rc.17 want: 1.0.0-rc.17
251 silly placeDep ROOT @rolldown/binding-freebsd-x64@1.0.0-rc.17 OK for: rolldown@1.0.0-rc.17 want: 1.0.0-rc.17
252 silly placeDep ROOT @rolldown/binding-linux-arm-gnueabihf@1.0.0-rc.17 OK for: rolldown@1.0.0-rc.17 want: 1.0.0-rc.17
253 silly placeDep ROOT @rolldown/binding-linux-arm64-gnu@1.0.0-rc.17 OK for: rolldown@1.0.0-rc.17 want: 1.0.0-rc.17
254 silly placeDep ROOT @rolldown/binding-linux-arm64-musl@1.0.0-rc.17 OK for: rolldown@1.0.0-rc.17 want: 1.0.0-rc.17
255 silly placeDep ROOT @rolldown/binding-linux-ppc64-gnu@1.0.0-rc.17 OK for: rolldown@1.0.0-rc.17 want: 1.0.0-rc.17
256 silly placeDep ROOT @rolldown/binding-linux-s390x-gnu@1.0.0-rc.17 OK for: rolldown@1.0.0-rc.17 want: 1.0.0-rc.17
257 silly placeDep ROOT @rolldown/binding-linux-x64-gnu@1.0.0-rc.17 OK for: rolldown@1.0.0-rc.17 want: 1.0.0-rc.17
258 silly placeDep ROOT @rolldown/binding-linux-x64-musl@1.0.0-rc.17 OK for: rolldown@1.0.0-rc.17 want: 1.0.0-rc.17
259 silly placeDep ROOT @rolldown/binding-openharmony-arm64@1.0.0-rc.17 OK for: rolldown@1.0.0-rc.17 want: 1.0.0-rc.17
260 silly placeDep ROOT @rolldown/binding-wasm32-wasi@1.0.0-rc.17 OK for: rolldown@1.0.0-rc.17 want: 1.0.0-rc.17
261 silly placeDep ROOT @rolldown/binding-win32-arm64-msvc@1.0.0-rc.17 OK for: rolldown@1.0.0-rc.17 want: 1.0.0-rc.17
262 silly placeDep ROOT @rolldown/binding-win32-x64-msvc@1.0.0-rc.17 OK for: rolldown@1.0.0-rc.17 want: 1.0.0-rc.17
263 silly placeDep node_modules/rolldown @rolldown/pluginutils@1.0.0-rc.17 OK for: rolldown@1.0.0-rc.17 want: 1.0.0-rc.17
264 silly fetch manifest @emnapi/core@1.10.0
265 silly packumentCache full:https://registry.npmjs.org/@emnapi%2fcore cache-miss
266 silly fetch manifest @emnapi/runtime@1.10.0
267 silly packumentCache full:https://registry.npmjs.org/@emnapi%2fruntime cache-miss
268 silly fetch manifest @napi-rs/wasm-runtime@^1.1.4
269 silly packumentCache full:https://registry.npmjs.org/@napi-rs%2fwasm-runtime cache-miss
270 http fetch GET 200 https://registry.npmjs.org/@emnapi%2fruntime 296ms (cache miss)
271 silly packumentCache full:https://registry.npmjs.org/@emnapi%2fruntime set size:undefined disposed:false
272 http fetch GET 200 https://registry.npmjs.org/@napi-rs%2fwasm-runtime 389ms (cache miss)
273 silly packumentCache full:https://registry.npmjs.org/@napi-rs%2fwasm-runtime set size:undefined disposed:false
274 http fetch GET 200 https://registry.npmjs.org/@emnapi%2fcore 637ms (cache miss)
275 silly packumentCache full:https://registry.npmjs.org/@emnapi%2fcore set size:undefined disposed:false
276 silly placeDep ROOT @emnapi/core@1.10.0 OK for: @rolldown/binding-wasm32-wasi@1.0.0-rc.17 want: 1.10.0
277 silly placeDep ROOT @emnapi/runtime@1.10.0 OK for: @rolldown/binding-wasm32-wasi@1.0.0-rc.17 want: 1.10.0
278 silly placeDep ROOT @napi-rs/wasm-runtime@1.1.4 OK for: @rolldown/binding-wasm32-wasi@1.0.0-rc.17 want: ^1.1.4
279 silly fetch manifest @emnapi/wasi-threads@1.2.1
280 silly packumentCache full:https://registry.npmjs.org/@emnapi%2fwasi-threads cache-miss
281 silly fetch manifest tslib@^2.4.0
282 silly packumentCache full:https://registry.npmjs.org/tslib cache-miss
283 silly fetch manifest tslib@^2.4.0
284 silly packumentCache full:https://registry.npmjs.org/tslib cache-miss
285 silly fetch manifest @tybys/wasm-util@^0.10.1
286 silly packumentCache full:https://registry.npmjs.org/@tybys%2fwasm-util cache-miss
287 http fetch GET 200 https://registry.npmjs.org/@emnapi%2fwasi-threads 168ms (cache miss)
288 silly packumentCache full:https://registry.npmjs.org/@emnapi%2fwasi-threads set size:undefined disposed:false
289 http fetch GET 200 https://registry.npmjs.org/tslib 251ms (cache miss)
290 silly packumentCache full:https://registry.npmjs.org/tslib set size:undefined disposed:false
291 http fetch GET 200 https://registry.npmjs.org/tslib 264ms (cache miss)
292 silly packumentCache full:https://registry.npmjs.org/tslib set size:undefined disposed:false
293 http fetch GET 200 https://registry.npmjs.org/@tybys%2fwasm-util 265ms (cache miss)
294 silly packumentCache full:https://registry.npmjs.org/@tybys%2fwasm-util set size:undefined disposed:false
295 silly placeDep ROOT @emnapi/wasi-threads@1.2.1 OK for: @emnapi/core@1.10.0 want: 1.2.1
296 silly placeDep ROOT tslib@2.8.1 OK for: @emnapi/core@1.10.0 want: ^2.4.0
297 silly placeDep ROOT @tybys/wasm-util@0.10.1 OK for: @napi-rs/wasm-runtime@1.1.4 want: ^0.10.1
298 silly reify mark retired [
298 silly reify   '/Users/vfkmrjdcrfz/Documents/New project/node_modules/convert-source-map'
298 silly reify ]
299 silly reify mark retired [ '/Users/vfkmrjdcrfz/Documents/New project/node_modules/debug' ]
300 silly reify mark retired [
300 silly reify   '/Users/vfkmrjdcrfz/Documents/New project/node_modules/esbuild',
300 silly reify   '/Users/vfkmrjdcrfz/Documents/New project/node_modules/.bin/esbuild'
300 silly reify ]
301 silly reify mark retired [ '/Users/vfkmrjdcrfz/Documents/New project/node_modules/gensync' ]
302 silly reify mark retired [
302 silly reify   '/Users/vfkmrjdcrfz/Documents/New project/node_modules/jsesc',
302 silly reify   '/Users/vfkmrjdcrfz/Documents/New project/node_modules/.bin/jsesc'
302 silly reify ]
303 silly reify mark retired [ '/Users/vfkmrjdcrfz/Documents/New project/node_modules/lru-cache' ]
304 silly reify mark retired [
304 silly reify   '/Users/vfkmrjdcrfz/Documents/New project/node_modules/json5',
304 silly reify   '/Users/vfkmrjdcrfz/Documents/New project/node_modules/.bin/json5'
304 silly reify ]
305 silly reify mark retired [ '/Users/vfkmrjdcrfz/Documents/New project/node_modules/ms' ]
306 silly reify mark retired [
306 silly reify   '/Users/vfkmrjdcrfz/Documents/New project/node_modules/react-refresh'
306 silly reify ]
307 silly reify mark retired [
307 silly reify   '/Users/vfkmrjdcrfz/Documents/New project/node_modules/rollup',
307 silly reify   '/Users/vfkmrjdcrfz/Documents/New project/node_modules/.bin/rollup'
307 silly reify ]
308 silly reify mark retired [
308 silly reify   '/Users/vfkmrjdcrfz/Documents/New project/node_modules/semver',
308 silly reify   '/Users/vfkmrjdcrfz/Documents/New project/node_modules/.bin/semver'
308 silly reify ]
309 silly reify mark retired [
309 silly reify   '/Users/vfkmrjdcrfz/Documents/New project/node_modules/vite',
309 silly reify   '/Users/vfkmrjdcrfz/Documents/New project/node_modules/.bin/vite'
309 silly reify ]
310 silly reify mark retired [ '/Users/vfkmrjdcrfz/Documents/New project/node_modules/yallist' ]
311 silly reify mark retired [
311 silly reify   '/Users/vfkmrjdcrfz/Documents/New project/node_modules/@babel/compat-data'
311 silly reify ]
312 silly reify mark retired [
312 silly reify   '/Users/vfkmrjdcrfz/Documents/New project/node_modules/@babel/code-frame'
312 silly reify ]
313 silly reify mark retired [ '/Users/vfkmrjdcrfz/Documents/New project/node_modules/@babel/core' ]
314 silly reify mark retired [
314 silly reify   '/Users/vfkmrjdcrfz/Documents/New project/node_modules/@babel/helper-globals'
314 silly reify ]
315 silly reify mark retired [
315 silly reify   '/Users/vfkmrjdcrfz/Documents/New project/node_modules/@babel/helper-compilation-targets'
315 silly reify ]
316 silly reify mark retired [
316 silly reify   '/Users/vfkmrjdcrfz/Documents/New project/node_modules/@babel/generator'
316 silly reify ]
317 silly reify mark retired [
317 silly reify   '/Users/vfkmrjdcrfz/Documents/New project/node_modules/@babel/helper-module-transforms'
317 silly reify ]
318 silly reify mark retired [
318 silly reify   '/Users/vfkmrjdcrfz/Documents/New project/node_modules/@babel/helper-plugin-utils'
318 silly reify ]
319 silly reify mark retired [
319 silly reify   '/Users/vfkmrjdcrfz/Documents/New project/node_modules/@babel/helper-string-parser'
319 silly reify ]
320 silly reify mark retired [
320 silly reify   '/Users/vfkmrjdcrfz/Documents/New project/node_modules/@babel/helper-validator-identifier'
320 silly reify ]
321 silly reify mark retired [
321 silly reify   '/Users/vfkmrjdcrfz/Documents/New project/node_modules/@babel/helper-module-imports'
321 silly reify ]
322 silly reify mark retired [
322 silly reify   '/Users/vfkmrjdcrfz/Documents/New project/node_modules/@babel/helper-validator-option'
322 silly reify ]
323 silly reify mark retired [
323 silly reify   '/Users/vfkmrjdcrfz/Documents/New project/node_modules/@babel/template'
323 silly reify ]
324 silly reify mark retired [
324 silly reify   '/Users/vfkmrjdcrfz/Documents/New project/node_modules/@babel/parser',
324 silly reify   '/Users/vfkmrjdcrfz/Documents/New project/node_modules/.bin/parser'
324 silly reify ]
325 silly reify mark retired [
325 silly reify   '/Users/vfkmrjdcrfz/Documents/New project/node_modules/@babel/plugin-transform-react-jsx-source'
325 silly reify ]
326 silly reify mark retired [
326 silly reify   '/Users/vfkmrjdcrfz/Documents/New project/node_modules/@babel/helpers'
326 silly reify ]
327 silly reify mark retired [
327 silly reify   '/Users/vfkmrjdcrfz/Documents/New project/node_modules/@babel/types'
327 silly reify ]
328 silly reify mark retired [
328 silly reify   '/Users/vfkmrjdcrfz/Documents/New project/node_modules/@babel/traverse'
328 silly reify ]
329 silly reify mark retired [
329 silly reify   '/Users/vfkmrjdcrfz/Documents/New project/node_modules/@esbuild/darwin-arm64'
329 silly reify ]
330 silly reify mark retired [
330 silly reify   '/Users/vfkmrjdcrfz/Documents/New project/node_modules/@babel/plugin-transform-react-jsx-self'
330 silly reify ]
331 silly reify mark retired [
331 silly reify   '/Users/vfkmrjdcrfz/Documents/New project/node_modules/@jridgewell/remapping'
331 silly reify ]
332 silly reify mark retired [
332 silly reify   '/Users/vfkmrjdcrfz/Documents/New project/node_modules/@rollup/rollup-darwin-arm64'
332 silly reify ]
333 silly reify mark retired [
333 silly reify   '/Users/vfkmrjdcrfz/Documents/New project/node_modules/@types/babel__core'
333 silly reify ]
334 silly reify mark retired [
334 silly reify   '/Users/vfkmrjdcrfz/Documents/New project/node_modules/@types/babel__template'
334 silly reify ]
335 silly reify mark retired [
335 silly reify   '/Users/vfkmrjdcrfz/Documents/New project/node_modules/@rolldown/pluginutils'
335 silly reify ]
336 silly reify mark retired [
336 silly reify   '/Users/vfkmrjdcrfz/Documents/New project/node_modules/@types/babel__traverse'
336 silly reify ]
337 silly reify mark retired [
337 silly reify   '/Users/vfkmrjdcrfz/Documents/New project/node_modules/@types/babel__generator'
337 silly reify ]
338 silly reify mark retired [
338 silly reify   '/Users/vfkmrjdcrfz/Documents/New project/node_modules/@types/estree'
338 silly reify ]
339 silly reify mark retired [
339 silly reify   '/Users/vfkmrjdcrfz/Documents/New project/node_modules/@vitejs/plugin-react'
339 silly reify ]
340 silly reify moves {
340 silly reify   '/Users/vfkmrjdcrfz/Documents/New project/node_modules/convert-source-map': '/Users/vfkmrjdcrfz/Documents/New project/node_modules/.convert-source-map-moueGDHG',
340 silly reify   '/Users/vfkmrjdcrfz/Documents/New project/node_modules/debug': '/Users/vfkmrjdcrfz/Documents/New project/node_modules/.debug-6FTeZMtC',
340 silly reify   '/Users/vfkmrjdcrfz/Documents/New project/node_modules/esbuild': '/Users/vfkmrjdcrfz/Documents/New project/node_modules/.esbuild-CIebXirz',
340 silly reify   '/Users/vfkmrjdcrfz/Documents/New project/node_modules/.bin/esbuild': '/Users/vfkmrjdcrfz/Documents/New project/node_modules/.bin/.esbuild-Eovo9sdi',
340 silly reify   '/Users/vfkmrjdcrfz/Documents/New project/node_modules/gensync': '/Users/vfkmrjdcrfz/Documents/New project/node_modules/.gensync-QfVn9eCd',
340 silly reify   '/Users/vfkmrjdcrfz/Documents/New project/node_modules/jsesc': '/Users/vfkmrjdcrfz/Documents/New project/node_modules/.jsesc-rhCQ3lfm',
340 silly reify   '/Users/vfkmrjdcrfz/Documents/New project/node_modules/.bin/jsesc': '/Users/vfkmrjdcrfz/Documents/New project/node_modules/.bin/.jsesc-q8ubrcc7',
340 silly reify   '/Users/vfkmrjdcrfz/Documents/New project/node_modules/lru-cache': '/Users/vfkmrjdcrfz/Documents/New project/node_modules/.lru-cache-Y4VKz3lw',
340 silly reify   '/Users/vfkmrjdcrfz/Documents/New project/node_modules/json5': '/Users/vfkmrjdcrfz/Documents/New project/node_modules/.json5-rnaoeb68',
340 silly reify   '/Users/vfkmrjdcrfz/Documents/New project/node_modules/.bin/json5': '/Users/vfkmrjdcrfz/Documents/New project/node_modules/.bin/.json5-khfJu1Ds',
340 silly reify   '/Users/vfkmrjdcrfz/Documents/New project/node_modules/ms': '/Users/vfkmrjdcrfz/Documents/New project/node_modules/.ms-DyMcanxz',
340 silly reify   '/Users/vfkmrjdcrfz/Documents/New project/node_modules/react-refresh': '/Users/vfkmrjdcrfz/Documents/New project/node_modules/.react-refresh-mjVzTqRx',
340 silly reify   '/Users/vfkmrjdcrfz/Documents/New project/node_modules/rollup': '/Users/vfkmrjdcrfz/Documents/New project/node_modules/.rollup-yw61FDhe',
340 silly reify   '/Users/vfkmrjdcrfz/Documents/New project/node_modules/.bin/rollup': '/Users/vfkmrjdcrfz/Documents/New project/node_modules/.bin/.rollup-1mKkDzwV',
340 silly reify   '/Users/vfkmrjdcrfz/Documents/New project/node_modules/semver': '/Users/vfkmrjdcrfz/Documents/New project/node_modules/.semver-uhZnMkIg',
340 silly reify   '/Users/vfkmrjdcrfz/Documents/New project/node_modules/.bin/semver': '/Users/vfkmrjdcrfz/Documents/New project/node_modules/.bin/.semver-9fBwWjkn',
340 silly reify   '/Users/vfkmrjdcrfz/Documents/New project/node_modules/vite': '/Users/vfkmrjdcrfz/Documents/New project/node_modules/.vite-ApD57qZw',
340 silly reify   '/Users/vfkmrjdcrfz/Documents/New project/node_modules/.bin/vite': '/Users/vfkmrjdcrfz/Documents/New project/node_modules/.bin/.vite-ckushSGS',
340 silly reify   '/Users/vfkmrjdcrfz/Documents/New project/node_modules/yallist': '/Users/vfkmrjdcrfz/Documents/New project/node_modules/.yallist-VnyN6EHc',
340 silly reify   '/Users/vfkmrjdcrfz/Documents/New project/node_modules/@babel/compat-data': '/Users/vfkmrjdcrfz/Documents/New project/node_modules/@babel/.compat-data-392eoIeG',
340 silly reify   '/Users/vfkmrjdcrfz/Documents/New project/node_modules/@babel/code-frame': '/Users/vfkmrjdcrfz/Documents/New project/node_modules/@babel/.code-frame-8EQRte2K',
340 silly reify   '/Users/vfkmrjdcrfz/Documents/New project/node_modules/@babel/core': '/Users/vfkmrjdcrfz/Documents/New project/node_modules/@babel/.core-v2opwIJZ',
340 silly reify   '/Users/vfkmrjdcrfz/Documents/New project/node_modules/@babel/helper-globals': '/Users/vfkmrjdcrfz/Documents/New project/node_modules/@babel/.helper-globals-nmpQhYx8',
340 silly reify   '/Users/vfkmrjdcrfz/Documents/New project/node_modules/@babel/helper-compilation-targets': '/Users/vfkmrjdcrfz/Documents/New project/node_modules/@babel/.helper-compilation-targets-vbZGvETM',
340 silly reify   '/Users/vfkmrjdcrfz/Documents/New project/node_modules/@babel/generator': '/Users/vfkmrjdcrfz/Documents/New project/node_modules/@babel/.generator-fxM6GaYQ',
340 silly reify   '/Users/vfkmrjdcrfz/Documents/New project/node_modules/@babel/helper-module-transforms': '/Users/vfkmrjdcrfz/Documents/New project/node_modules/@babel/.helper-module-transforms-IQZuukLR',
340 silly reify   '/Users/vfkmrjdcrfz/Documents/New project/node_modules/@babel/helper-plugin-utils': '/Users/vfkmrjdcrfz/Documents/New project/node_modules/@babel/.helper-plugin-utils-GgAUA80C',
340 silly reify   '/Users/vfkmrjdcrfz/Documents/New project/node_modules/@babel/helper-string-parser': '/Users/vfkmrjdcrfz/Documents/New project/node_modules/@babel/.helper-string-parser-TYmb3xP6',
340 silly reify   '/Users/vfkmrjdcrfz/Documents/New project/node_modules/@babel/helper-validator-identifier': '/Users/vfkmrjdcrfz/Documents/New project/node_modules/@babel/.helper-validator-identifier-oRjMNZeT',
340 silly reify   '/Users/vfkmrjdcrfz/Documents/New project/node_modules/@babel/helper-module-imports': '/Users/vfkmrjdcrfz/Documents/New project/node_modules/@babel/.helper-module-imports-dlB6mEo5',
340 silly reify   '/Users/vfkmrjdcrfz/Documents/New project/node_modules/@babel/helper-validator-option': '/Users/vfkmrjdcrfz/Documents/New project/node_modules/@babel/.helper-validator-option-EGNwM98v',
340 silly reify   '/Users/vfkmrjdcrfz/Documents/New project/node_modules/@babel/template': '/Users/vfkmrjdcrfz/Documents/New project/node_modules/@babel/.template-7AviXgLz',
340 silly reify   '/Users/vfkmrjdcrfz/Documents/New project/node_modules/@babel/parser': '/Users/vfkmrjdcrfz/Documents/New project/node_modules/@babel/.parser-EOt7624G',
340 silly reify   '/Users/vfkmrjdcrfz/Documents/New project/node_modules/.bin/parser': '/Users/vfkmrjdcrfz/Documents/New project/node_modules/.bin/.parser-JAlRE3sI',
340 silly reify   '/Users/vfkmrjdcrfz/Documents/New project/node_modules/@babel/plugin-transform-react-jsx-source': '/Users/vfkmrjdcrfz/Documents/New project/node_modules/@babel/.plugin-transform-react-jsx-source-esehWy89',
340 silly reify   '/Users/vfkmrjdcrfz/Documents/New project/node_modules/@babel/helpers': '/Users/vfkmrjdcrfz/Documents/New project/node_modules/@babel/.helpers-yx93Nv3P',
340 silly reify   '/Users/vfkmrjdcrfz/Documents/New project/node_modules/@babel/types': '/Users/vfkmrjdcrfz/Documents/New project/node_modules/@babel/.types-u5BBeuV5',
340 silly reify   '/Users/vfkmrjdcrfz/Documents/New project/node_modules/@babel/traverse': '/Users/vfkmrjdcrfz/Documents/New project/node_modules/@babel/.traverse-bN7lgWJf',
340 silly reify   '/Users/vfkmrjdcrfz/Documents/New project/node_modules/@esbuild/darwin-arm64': '/Users/vfkmrjdcrfz/Documents/New project/node_modules/@esbuild/.darwin-arm64-FtuqNeoj',
340 silly reify   '/Users/vfkmrjdcrfz/Documents/New project/node_modules/@babel/plugin-transform-react-jsx-self': '/Users/vfkmrjdcrfz/Documents/New project/node_modules/@babel/.plugin-transform-react-jsx-self-O3VYfiTY',
340 silly reify   '/Users/vfkmrjdcrfz/Documents/New project/node_modules/@jridgewell/remapping': '/Users/vfkmrjdcrfz/Documents/New project/node_modules/@jridgewell/.remapping-AG1hhYsa',
340 silly reify   '/Users/vfkmrjdcrfz/Documents/New project/node_modules/@rollup/rollup-darwin-arm64': '/Users/vfkmrjdcrfz/Documents/New project/node_modules/@rollup/.rollup-darwin-arm64-nxyNZuMQ',
340 silly reify   '/Users/vfkmrjdcrfz/Documents/New project/node_modules/@types/babel__core': '/Users/vfkmrjdcrfz/Documents/New project/node_modules/@types/.babel__core-8HVeVcbA',
340 silly reify   '/Users/vfkmrjdcrfz/Documents/New project/node_modules/@types/babel__template': '/Users/vfkmrjdcrfz/Documents/New project/node_modules/@types/.babel__template-QluIDSSa',
340 silly reify   '/Users/vfkmrjdcrfz/Documents/New project/node_modules/@rolldown/pluginutils': '/Users/vfkmrjdcrfz/Documents/New project/node_modules/@rolldown/.pluginutils-Wi7L2rYi',
340 silly reify   '/Users/vfkmrjdcrfz/Documents/New project/node_modules/@types/babel__traverse': '/Users/vfkmrjdcrfz/Documents/New project/node_modules/@types/.babel__traverse-8FflW2GT',
340 silly reify   '/Users/vfkmrjdcrfz/Documents/New project/node_modules/@types/babel__generator': '/Users/vfkmrjdcrfz/Documents/New project/node_modules/@types/.babel__generator-vrubUgL8',
340 silly reify   '/Users/vfkmrjdcrfz/Documents/New project/node_modules/@types/estree': '/Users/vfkmrjdcrfz/Documents/New project/node_modules/@types/.estree-0cbXQrrT',
340 silly reify   '/Users/vfkmrjdcrfz/Documents/New project/node_modules/@vitejs/plugin-react': '/Users/vfkmrjdcrfz/Documents/New project/node_modules/@vitejs/.plugin-react-yz3Gg5md'
340 silly reify }
341 silly audit bulk request {
341 silly audit   '@alloc/quick-lru': [ '5.2.0' ],
341 silly audit   '@jridgewell/gen-mapping': [ '0.3.13' ],
341 silly audit   '@jridgewell/resolve-uri': [ '3.1.2' ],
341 silly audit   '@jridgewell/sourcemap-codec': [ '1.5.5' ],
341 silly audit   '@jridgewell/trace-mapping': [ '0.3.31' ],
341 silly audit   '@nodelib/fs.scandir': [ '2.1.5' ],
341 silly audit   '@nodelib/fs.stat': [ '2.0.5' ],
341 silly audit   '@nodelib/fs.walk': [ '1.2.8' ],
341 silly audit   'any-promise': [ '1.3.0' ],
341 silly audit   anymatch: [ '3.1.3' ],
341 silly audit   arg: [ '5.0.2' ],
341 silly audit   autoprefixer: [ '10.5.0' ],
341 silly audit   'baseline-browser-mapping': [ '2.10.24' ],
341 silly audit   'binary-extensions': [ '2.3.0' ],
341 silly audit   braces: [ '3.0.3' ],
341 silly audit   browserslist: [ '4.28.2' ],
341 silly audit   'camelcase-css': [ '2.0.1' ],
341 silly audit   'caniuse-lite': [ '1.0.30001791' ],
341 silly audit   chokidar: [ '3.6.0' ],
341 silly audit   'glob-parent': [ '5.1.2', '6.0.2' ],
341 silly audit   commander: [ '4.1.1' ],
341 silly audit   cssesc: [ '3.0.0' ],
341 silly audit   didyoumean: [ '1.2.2' ],
341 silly audit   dlv: [ '1.1.3' ],
341 silly audit   'electron-to-chromium': [ '1.5.345' ],
341 silly audit   'es-errors': [ '1.3.0' ],
341 silly audit   escalade: [ '3.2.0' ],
341 silly audit   'fast-glob': [ '3.3.3' ],
341 silly audit   fastq: [ '1.20.1' ],
341 silly audit   'fill-range': [ '7.1.1' ],
341 silly audit   'fraction.js': [ '5.3.4' ],
341 silly audit   fsevents: [ '2.3.3' ],
341 silly audit   'function-bind': [ '1.1.2' ],
341 silly audit   hasown: [ '2.0.3' ],
341 silly audit   'is-binary-path': [ '2.1.0' ],
341 silly audit   'is-core-module': [ '2.16.1' ],
341 silly audit   'is-extglob': [ '2.1.1' ],
341 silly audit   'is-glob': [ '4.0.3' ],
341 silly audit   'is-number': [ '7.0.0' ],
341 silly audit   jiti: [ '1.21.7' ],
341 silly audit   'js-tokens': [ '4.0.0' ],
341 silly audit   lilconfig: [ '3.1.3' ],
341 silly audit   'lines-and-columns': [ '1.2.4' ],
341 silly audit   'loose-envify': [ '1.4.0' ],
341 silly audit   merge2: [ '1.4.1' ],
341 silly audit   micromatch: [ '4.0.8' ],
341 silly audit   mz: [ '2.7.0' ],
341 silly audit   nanoid: [ '3.3.11' ],
341 silly audit   'node-releases': [ '2.0.38' ],
341 silly audit   'normalize-path': [ '3.0.0' ],
341 silly audit   'object-assign': [ '4.1.1' ],
341 silly audit   'object-hash': [ '3.0.0' ],
341 silly audit   'path-parse': [ '1.0.7' ],
341 silly audit   picocolors: [ '1.1.1' ],
341 silly audit   picomatch: [ '2.3.2', '4.0.4' ],
341 silly audit   pify: [ '2.3.0' ],
341 silly audit   pirates: [ '4.0.7' ],
341 silly audit   postcss: [ '8.5.12' ],
341 silly audit   'postcss-import': [ '15.1.0' ],
341 silly audit   'postcss-js': [ '4.1.0' ],
341 silly audit   'postcss-load-config': [ '6.0.1' ],
341 silly audit   'postcss-nested': [ '6.2.0' ],
341 silly audit   'postcss-selector-parser': [ '6.1.2' ],
341 silly audit   'postcss-value-parser': [ '4.2.0' ],
341 silly audit   'queue-microtask': [ '1.2.3' ],
341 silly audit   react: [ '18.3.1' ],
341 silly audit   'react-dom': [ '18.3.1' ],
341 silly audit   'read-cache': [ '1.0.0' ],
341 silly audit   readdirp: [ '3.6.0' ],
341 silly audit   resolve: [ '1.22.12' ],
341 silly audit   reusify: [ '1.1.0' ],
341 silly audit   'run-parallel': [ '1.2.0' ],
341 silly audit   scheduler: [ '0.23.2' ],
341 silly audit   'source-map-js': [ '1.2.1' ],
341 silly audit   sucrase: [ '3.35.1' ],
341 silly audit   'supports-preserve-symlinks-flag': [ '1.0.0' ],
341 silly audit   tailwindcss: [ '3.4.19' ],
341 silly audit   thenify: [ '3.3.1' ],
341 silly audit   'thenify-all': [ '1.6.0' ],
341 silly audit   tinyglobby: [ '0.2.16' ],
341 silly audit   fdir: [ '6.5.0' ],
341 silly audit   'to-regex-range': [ '5.0.1' ],
341 silly audit   'ts-interface-checker': [ '0.1.13' ],
341 silly audit   'update-browserslist-db': [ '1.2.3' ],
341 silly audit   'util-deprecate': [ '1.0.2' ],
341 silly audit   '@vitejs/plugin-react': [ '6.0.1' ],
341 silly audit   vite: [ '8.0.10' ],
341 silly audit   '@rolldown/pluginutils': [ '1.0.0-rc.7', '1.0.0-rc.17' ],
341 silly audit   lightningcss: [ '1.32.0' ],
341 silly audit   rolldown: [ '1.0.0-rc.17' ],
341 silly audit   'detect-libc': [ '2.1.2' ],
341 silly audit   'lightningcss-android-arm64': [ '1.32.0' ],
341 silly audit   'lightningcss-darwin-arm64': [ '1.32.0' ],
341 silly audit   'lightningcss-darwin-x64': [ '1.32.0' ],
341 silly audit   'lightningcss-freebsd-x64': [ '1.32.0' ],
341 silly audit   'lightningcss-linux-arm-gnueabihf': [ '1.32.0' ],
341 silly audit   'lightningcss-linux-arm64-gnu': [ '1.32.0' ],
341 silly audit   'lightningcss-linux-arm64-musl': [ '1.32.0' ],
341 silly audit   'lightningcss-linux-x64-gnu': [ '1.32.0' ],
341 silly audit   'lightningcss-linux-x64-musl': [ '1.32.0' ],
341 silly audit   'lightningcss-win32-arm64-msvc': [ '1.32.0' ],
341 silly audit   'lightningcss-win32-x64-msvc': [ '1.32.0' ],
341 silly audit   '@oxc-project/types': [ '0.127.0' ],
341 silly audit   '@rolldown/binding-android-arm64': [ '1.0.0-rc.17' ],
341 silly audit   '@rolldown/binding-darwin-arm64': [ '1.0.0-rc.17' ],
341 silly audit   '@rolldown/binding-darwin-x64': [ '1.0.0-rc.17' ],
341 silly audit   '@rolldown/binding-freebsd-x64': [ '1.0.0-rc.17' ],
341 silly audit   '@rolldown/binding-linux-arm-gnueabihf': [ '1.0.0-rc.17' ],
341 silly audit   '@rolldown/binding-linux-arm64-gnu': [ '1.0.0-rc.17' ],
341 silly audit   '@rolldown/binding-linux-arm64-musl': [ '1.0.0-rc.17' ],
341 silly audit   '@rolldown/binding-linux-ppc64-gnu': [ '1.0.0-rc.17' ],
341 silly audit   '@rolldown/binding-linux-s390x-gnu': [ '1.0.0-rc.17' ],
341 silly audit   '@rolldown/binding-linux-x64-gnu': [ '1.0.0-rc.17' ],
341 silly audit   '@rolldown/binding-linux-x64-musl': [ '1.0.0-rc.17' ],
341 silly audit   '@rolldown/binding-openharmony-arm64': [ '1.0.0-rc.17' ],
341 silly audit   '@rolldown/binding-wasm32-wasi': [ '1.0.0-rc.17' ],
341 silly audit   '@rolldown/binding-win32-arm64-msvc': [ '1.0.0-rc.17' ],
341 silly audit   '@rolldown/binding-win32-x64-msvc': [ '1.0.0-rc.17' ],
341 silly audit   '@emnapi/core': [ '1.10.0' ],
341 silly audit   '@emnapi/runtime': [ '1.10.0' ],
341 silly audit   '@napi-rs/wasm-runtime': [ '1.1.4' ],
341 silly audit   '@emnapi/wasi-threads': [ '1.2.1' ],
341 silly audit   tslib: [ '2.8.1' ],
341 silly audit   '@tybys/wasm-util': [ '0.10.1' ]
341 silly audit }
342 http cache @rolldown/binding-darwin-arm64@https://registry.npmjs.org/@rolldown/binding-darwin-arm64/-/binding-darwin-arm64-1.0.0-rc.17.tgz 0ms (cache hit)
343 http cache rolldown@https://registry.npmjs.org/rolldown/-/rolldown-1.0.0-rc.17.tgz 0ms (cache hit)
344 http cache @oxc-project/types@https://registry.npmjs.org/@oxc-project/types/-/types-0.127.0.tgz 0ms (cache hit)
345 http cache lightningcss-darwin-arm64@https://registry.npmjs.org/lightningcss-darwin-arm64/-/lightningcss-darwin-arm64-1.32.0.tgz 0ms (cache hit)
346 http cache lightningcss@https://registry.npmjs.org/lightningcss/-/lightningcss-1.32.0.tgz 0ms (cache hit)
347 http cache fsevents@https://registry.npmjs.org/fsevents/-/fsevents-2.3.3.tgz 0ms (cache hit)
348 http cache @rolldown/pluginutils@https://registry.npmjs.org/@rolldown/pluginutils/-/pluginutils-1.0.0-rc.7.tgz 0ms (cache hit)
349 http cache @vitejs/plugin-react@https://registry.npmjs.org/@vitejs/plugin-react/-/plugin-react-6.0.1.tgz 0ms (cache hit)
350 http cache @rolldown/pluginutils@https://registry.npmjs.org/@rolldown/pluginutils/-/pluginutils-1.0.0-rc.17.tgz 0ms (cache hit)
351 http cache picomatch@https://registry.npmjs.org/picomatch/-/picomatch-4.0.4.tgz 0ms (cache hit)
352 http cache vite@https://registry.npmjs.org/vite/-/vite-8.0.10.tgz 0ms (cache hit)
353 http cache detect-libc@https://registry.npmjs.org/detect-libc/-/detect-libc-2.1.2.tgz 0ms (cache hit)
354 silly tarball no local data for @rolldown/binding-darwin-arm64@https://registry.npmjs.org/@rolldown/binding-darwin-arm64/-/binding-darwin-arm64-1.0.0-rc.17.tgz. Extracting by manifest.
355 silly tarball no local data for rolldown@https://registry.npmjs.org/rolldown/-/rolldown-1.0.0-rc.17.tgz. Extracting by manifest.
356 silly tarball no local data for @oxc-project/types@https://registry.npmjs.org/@oxc-project/types/-/types-0.127.0.tgz. Extracting by manifest.
357 silly tarball no local data for lightningcss-darwin-arm64@https://registry.npmjs.org/lightningcss-darwin-arm64/-/lightningcss-darwin-arm64-1.32.0.tgz. Extracting by manifest.
358 silly tarball no local data for lightningcss@https://registry.npmjs.org/lightningcss/-/lightningcss-1.32.0.tgz. Extracting by manifest.
359 silly tarball no local data for @rolldown/pluginutils@https://registry.npmjs.org/@rolldown/pluginutils/-/pluginutils-1.0.0-rc.7.tgz. Extracting by manifest.
360 silly tarball no local data for @vitejs/plugin-react@https://registry.npmjs.org/@vitejs/plugin-react/-/plugin-react-6.0.1.tgz. Extracting by manifest.
361 silly tarball no local data for @rolldown/pluginutils@https://registry.npmjs.org/@rolldown/pluginutils/-/pluginutils-1.0.0-rc.17.tgz. Extracting by manifest.
362 silly tarball no local data for vite@https://registry.npmjs.org/vite/-/vite-8.0.10.tgz. Extracting by manifest.
363 silly tarball no local data for detect-libc@https://registry.npmjs.org/detect-libc/-/detect-libc-2.1.2.tgz. Extracting by manifest.
364 http fetch GET 200 https://registry.npmjs.org/@oxc-project/types/-/types-0.127.0.tgz 163ms (cache miss)
365 http fetch GET 200 https://registry.npmjs.org/@rolldown/pluginutils/-/pluginutils-1.0.0-rc.7.tgz 166ms (cache miss)
366 http fetch POST 200 https://registry.npmjs.org/-/npm/v1/security/advisories/bulk 271ms
367 silly audit report {}
368 http fetch GET 200 https://registry.npmjs.org/lightningcss/-/lightningcss-1.32.0.tgz 392ms (cache miss)
369 http fetch GET 200 https://registry.npmjs.org/rolldown/-/rolldown-1.0.0-rc.17.tgz 477ms (cache miss)
370 http fetch GET 200 https://registry.npmjs.org/detect-libc/-/detect-libc-2.1.2.tgz 497ms (cache miss)
371 http fetch GET 200 https://registry.npmjs.org/@vitejs/plugin-react/-/plugin-react-6.0.1.tgz 497ms (cache miss)
372 http fetch GET 200 https://registry.npmjs.org/@rolldown/pluginutils/-/pluginutils-1.0.0-rc.17.tgz 511ms (cache miss)
373 http fetch GET 200 https://registry.npmjs.org/vite/-/vite-8.0.10.tgz 933ms (cache miss)
374 http fetch GET 200 https://registry.npmjs.org/lightningcss-darwin-arm64/-/lightningcss-darwin-arm64-1.32.0.tgz 5066ms (cache miss)
375 http fetch GET 200 https://registry.npmjs.org/@rolldown/binding-darwin-arm64/-/binding-darwin-arm64-1.0.0-rc.17.tgz 11317ms (cache miss)
376 silly ADD node_modules/@rolldown/binding-darwin-arm64
377 silly ADD node_modules/@oxc-project/types
378 silly ADD node_modules/lightningcss-darwin-arm64
379 silly ADD node_modules/detect-libc
380 silly ADD node_modules/rolldown
381 silly ADD node_modules/rolldown/node_modules/@rolldown/pluginutils
382 silly ADD node_modules/lightningcss
383 silly ADD node_modules/fsevents
384 silly CHANGE node_modules/@vitejs/plugin-react
385 silly REMOVE node_modules/@types/estree
386 silly REMOVE node_modules/@types/babel__generator
387 silly REMOVE node_modules/@types/babel__traverse
388 silly CHANGE node_modules/@rolldown/pluginutils
389 silly REMOVE node_modules/@types/babel__template
390 silly REMOVE node_modules/@types/babel__core
391 silly REMOVE node_modules/@rollup/rollup-darwin-arm64
392 silly REMOVE node_modules/@jridgewell/remapping
393 silly REMOVE node_modules/@babel/plugin-transform-react-jsx-self
394 silly REMOVE node_modules/@esbuild/darwin-arm64
395 silly REMOVE node_modules/@babel/traverse
396 silly REMOVE node_modules/@babel/types
397 silly REMOVE node_modules/@babel/helpers
398 silly REMOVE node_modules/@babel/plugin-transform-react-jsx-source
399 silly REMOVE node_modules/@babel/parser
400 silly REMOVE node_modules/@babel/template
401 silly REMOVE node_modules/@babel/helper-validator-option
402 silly REMOVE node_modules/@babel/helper-module-imports
403 silly REMOVE node_modules/@babel/helper-validator-identifier
404 silly REMOVE node_modules/@babel/helper-string-parser
405 silly REMOVE node_modules/@babel/helper-plugin-utils
406 silly REMOVE node_modules/@babel/helper-module-transforms
407 silly REMOVE node_modules/@babel/generator
408 silly REMOVE node_modules/@babel/helper-compilation-targets
409 silly REMOVE node_modules/@babel/helper-globals
410 silly REMOVE node_modules/@babel/core
411 silly REMOVE node_modules/@babel/code-frame
412 silly REMOVE node_modules/@babel/compat-data
413 silly REMOVE node_modules/yallist
414 silly CHANGE node_modules/vite
415 silly ADD node_modules/vite/node_modules/picomatch
416 silly REMOVE node_modules/semver
417 silly REMOVE node_modules/rollup
418 silly REMOVE node_modules/react-refresh
419 silly REMOVE node_modules/ms
420 silly REMOVE node_modules/json5
421 silly REMOVE node_modules/lru-cache
422 silly REMOVE node_modules/jsesc
423 silly REMOVE node_modules/gensync
424 silly REMOVE node_modules/esbuild
425 silly REMOVE node_modules/debug
426 silly REMOVE node_modules/convert-source-map
427 verbose cwd /Users/vfkmrjdcrfz/Documents/New project
428 verbose os Darwin 25.4.0
429 verbose node v25.9.0
430 verbose npm  v11.12.1
431 verbose exit 0
432 info ok
