0 verbose cli /opt/homebrew/Cellar/node/25.9.0_2/bin/node /opt/homebrew/bin/npm
1 info using npm@11.12.1
2 info using node@v25.9.0
3 silly config load:file:/opt/homebrew/lib/node_modules/npm/npmrc
4 silly config load:file:/Users/vfkmrjdcrfz/Documents/New project/.npmrc
5 silly config load:file:/Users/vfkmrjdcrfz/.npmrc
6 silly config load:file:/opt/homebrew/etc/npmrc
7 verbose title npm audit
8 verbose argv "audit" "--cache" "./.npm-cache"
9 verbose logfile logs-max:10 dir:/Users/vfkmrjdcrfz/Documents/New project/.npm-cache/_logs/2026-04-30T10_46_10_803Z-
10 verbose logfile /Users/vfkmrjdcrfz/Documents/New project/.npm-cache/_logs/2026-04-30T10_46_10_803Z-debug-0.log
11 silly logfile done cleaning log files
12 silly packumentCache heap:2348810240 maxSize:587202560 maxEntrySize:293601280
13 silly audit bulk request {
13 silly audit   '@alloc/quick-lru': [ '5.2.0' ],
13 silly audit   '@babel/code-frame': [ '7.29.0' ],
13 silly audit   '@babel/compat-data': [ '7.29.0' ],
13 silly audit   '@babel/core': [ '7.29.0' ],
13 silly audit   '@babel/generator': [ '7.29.1' ],
13 silly audit   '@babel/helper-compilation-targets': [ '7.28.6' ],
13 silly audit   '@babel/helper-globals': [ '7.28.0' ],
13 silly audit   '@babel/helper-module-imports': [ '7.28.6' ],
13 silly audit   '@babel/helper-module-transforms': [ '7.28.6' ],
13 silly audit   '@babel/helper-plugin-utils': [ '7.28.6' ],
13 silly audit   '@babel/helper-string-parser': [ '7.27.1' ],
13 silly audit   '@babel/helper-validator-identifier': [ '7.28.5' ],
13 silly audit   '@babel/helper-validator-option': [ '7.27.1' ],
13 silly audit   '@babel/helpers': [ '7.29.2' ],
13 silly audit   '@babel/parser': [ '7.29.2' ],
13 silly audit   '@babel/plugin-transform-react-jsx-self': [ '7.27.1' ],
13 silly audit   '@babel/plugin-transform-react-jsx-source': [ '7.27.1' ],
13 silly audit   '@babel/template': [ '7.28.6' ],
13 silly audit   '@babel/traverse': [ '7.29.0' ],
13 silly audit   '@babel/types': [ '7.29.0' ],
13 silly audit   '@esbuild/aix-ppc64': [ '0.21.5' ],
13 silly audit   '@esbuild/android-arm': [ '0.21.5' ],
13 silly audit   '@esbuild/android-arm64': [ '0.21.5' ],
13 silly audit   '@esbuild/android-x64': [ '0.21.5' ],
13 silly audit   '@esbuild/darwin-arm64': [ '0.21.5' ],
13 silly audit   '@esbuild/darwin-x64': [ '0.21.5' ],
13 silly audit   '@esbuild/freebsd-arm64': [ '0.21.5' ],
13 silly audit   '@esbuild/freebsd-x64': [ '0.21.5' ],
13 silly audit   '@esbuild/linux-arm': [ '0.21.5' ],
13 silly audit   '@esbuild/linux-arm64': [ '0.21.5' ],
13 silly audit   '@esbuild/linux-ia32': [ '0.21.5' ],
13 silly audit   '@esbuild/linux-loong64': [ '0.21.5' ],
13 silly audit   '@esbuild/linux-mips64el': [ '0.21.5' ],
13 silly audit   '@esbuild/linux-ppc64': [ '0.21.5' ],
13 silly audit   '@esbuild/linux-riscv64': [ '0.21.5' ],
13 silly audit   '@esbuild/linux-s390x': [ '0.21.5' ],
13 silly audit   '@esbuild/linux-x64': [ '0.21.5' ],
13 silly audit   '@esbuild/netbsd-x64': [ '0.21.5' ],
13 silly audit   '@esbuild/openbsd-x64': [ '0.21.5' ],
13 silly audit   '@esbuild/sunos-x64': [ '0.21.5' ],
13 silly audit   '@esbuild/win32-arm64': [ '0.21.5' ],
13 silly audit   '@esbuild/win32-ia32': [ '0.21.5' ],
13 silly audit   '@esbuild/win32-x64': [ '0.21.5' ],
13 silly audit   '@jridgewell/gen-mapping': [ '0.3.13' ],
13 silly audit   '@jridgewell/remapping': [ '2.3.5' ],
13 silly audit   '@jridgewell/resolve-uri': [ '3.1.2' ],
13 silly audit   '@jridgewell/sourcemap-codec': [ '1.5.5' ],
13 silly audit   '@jridgewell/trace-mapping': [ '0.3.31' ],
13 silly audit   '@nodelib/fs.scandir': [ '2.1.5' ],
13 silly audit   '@nodelib/fs.stat': [ '2.0.5' ],
13 silly audit   '@nodelib/fs.walk': [ '1.2.8' ],
13 silly audit   '@rolldown/pluginutils': [ '1.0.0-beta.27' ],
13 silly audit   '@rollup/rollup-android-arm-eabi': [ '4.60.2' ],
13 silly audit   '@rollup/rollup-android-arm64': [ '4.60.2' ],
13 silly audit   '@rollup/rollup-darwin-arm64': [ '4.60.2' ],
13 silly audit   '@rollup/rollup-darwin-x64': [ '4.60.2' ],
13 silly audit   '@rollup/rollup-freebsd-arm64': [ '4.60.2' ],
13 silly audit   '@rollup/rollup-freebsd-x64': [ '4.60.2' ],
13 silly audit   '@rollup/rollup-linux-arm-gnueabihf': [ '4.60.2' ],
13 silly audit   '@rollup/rollup-linux-arm-musleabihf': [ '4.60.2' ],
13 silly audit   '@rollup/rollup-linux-arm64-gnu': [ '4.60.2' ],
13 silly audit   '@rollup/rollup-linux-arm64-musl': [ '4.60.2' ],
13 silly audit   '@rollup/rollup-linux-loong64-gnu': [ '4.60.2' ],
13 silly audit   '@rollup/rollup-linux-loong64-musl': [ '4.60.2' ],
13 silly audit   '@rollup/rollup-linux-ppc64-gnu': [ '4.60.2' ],
13 silly audit   '@rollup/rollup-linux-ppc64-musl': [ '4.60.2' ],
13 silly audit   '@rollup/rollup-linux-riscv64-gnu': [ '4.60.2' ],
13 silly audit   '@rollup/rollup-linux-riscv64-musl': [ '4.60.2' ],
13 silly audit   '@rollup/rollup-linux-s390x-gnu': [ '4.60.2' ],
13 silly audit   '@rollup/rollup-linux-x64-gnu': [ '4.60.2' ],
13 silly audit   '@rollup/rollup-linux-x64-musl': [ '4.60.2' ],
13 silly audit   '@rollup/rollup-openbsd-x64': [ '4.60.2' ],
13 silly audit   '@rollup/rollup-openharmony-arm64': [ '4.60.2' ],
13 silly audit   '@rollup/rollup-win32-arm64-msvc': [ '4.60.2' ],
13 silly audit   '@rollup/rollup-win32-ia32-msvc': [ '4.60.2' ],
13 silly audit   '@rollup/rollup-win32-x64-gnu': [ '4.60.2' ],
13 silly audit   '@rollup/rollup-win32-x64-msvc': [ '4.60.2' ],
13 silly audit   '@types/babel__core': [ '7.20.5' ],
13 silly audit   '@types/babel__generator': [ '7.27.0' ],
13 silly audit   '@types/babel__template': [ '7.4.4' ],
13 silly audit   '@types/babel__traverse': [ '7.28.0' ],
13 silly audit   '@types/estree': [ '1.0.8' ],
13 silly audit   '@vitejs/plugin-react': [ '4.7.0' ],
13 silly audit   'any-promise': [ '1.3.0' ],
13 silly audit   anymatch: [ '3.1.3' ],
13 silly audit   arg: [ '5.0.2' ],
13 silly audit   autoprefixer: [ '10.5.0' ],
13 silly audit   'baseline-browser-mapping': [ '2.10.24' ],
13 silly audit   'binary-extensions': [ '2.3.0' ],
13 silly audit   braces: [ '3.0.3' ],
13 silly audit   browserslist: [ '4.28.2' ],
13 silly audit   'camelcase-css': [ '2.0.1' ],
13 silly audit   'caniuse-lite': [ '1.0.30001791' ],
13 silly audit   chokidar: [ '3.6.0' ],
13 silly audit   'glob-parent': [ '5.1.2', '6.0.2' ],
13 silly audit   commander: [ '4.1.1' ],
13 silly audit   'convert-source-map': [ '2.0.0' ],
13 silly audit   cssesc: [ '3.0.0' ],
13 silly audit   debug: [ '4.4.3' ],
13 silly audit   didyoumean: [ '1.2.2' ],
13 silly audit   dlv: [ '1.1.3' ],
13 silly audit   'electron-to-chromium': [ '1.5.345' ],
13 silly audit   'es-errors': [ '1.3.0' ],
13 silly audit   esbuild: [ '0.21.5' ],
13 silly audit   escalade: [ '3.2.0' ],
13 silly audit   'fast-glob': [ '3.3.3' ],
13 silly audit   fastq: [ '1.20.1' ],
13 silly audit   'fill-range': [ '7.1.1' ],
13 silly audit   'fraction.js': [ '5.3.4' ],
13 silly audit   fsevents: [ '2.3.3' ],
13 silly audit   'function-bind': [ '1.1.2' ],
13 silly audit   gensync: [ '1.0.0-beta.2' ],
13 silly audit   hasown: [ '2.0.3' ],
13 silly audit   'is-binary-path': [ '2.1.0' ],
13 silly audit   'is-core-module': [ '2.16.1' ],
13 silly audit   'is-extglob': [ '2.1.1' ],
13 silly audit   'is-glob': [ '4.0.3' ],
13 silly audit   'is-number': [ '7.0.0' ],
13 silly audit   jiti: [ '1.21.7' ],
13 silly audit   'js-tokens': [ '4.0.0' ],
13 silly audit   jsesc: [ '3.1.0' ],
13 silly audit   json5: [ '2.2.3' ],
13 silly audit   lilconfig: [ '3.1.3' ],
13 silly audit   'lines-and-columns': [ '1.2.4' ],
13 silly audit   'loose-envify': [ '1.4.0' ],
13 silly audit   'lru-cache': [ '5.1.1' ],
13 silly audit   merge2: [ '1.4.1' ],
13 silly audit   micromatch: [ '4.0.8' ],
13 silly audit   ms: [ '2.1.3' ],
13 silly audit   mz: [ '2.7.0' ],
13 silly audit   nanoid: [ '3.3.11' ],
13 silly audit   'node-releases': [ '2.0.38' ],
13 silly audit   'normalize-path': [ '3.0.0' ],
13 silly audit   'object-assign': [ '4.1.1' ],
13 silly audit   'object-hash': [ '3.0.0' ],
13 silly audit   'path-parse': [ '1.0.7' ],
13 silly audit   picocolors: [ '1.1.1' ],
13 silly audit   picomatch: [ '2.3.2', '4.0.4' ],
13 silly audit   pify: [ '2.3.0' ],
13 silly audit   pirates: [ '4.0.7' ],
13 silly audit   postcss: [ '8.5.12' ],
13 silly audit   'postcss-import': [ '15.1.0' ],
13 silly audit   'postcss-js': [ '4.1.0' ],
13 silly audit   'postcss-load-config': [ '6.0.1' ],
13 silly audit   'postcss-nested': [ '6.2.0' ],
13 silly audit   'postcss-selector-parser': [ '6.1.2' ],
13 silly audit   'postcss-value-parser': [ '4.2.0' ],
13 silly audit   'queue-microtask': [ '1.2.3' ],
13 silly audit   react: [ '18.3.1' ],
13 silly audit   'react-dom': [ '18.3.1' ],
13 silly audit   'react-refresh': [ '0.17.0' ],
13 silly audit   'read-cache': [ '1.0.0' ],
13 silly audit   readdirp: [ '3.6.0' ],
13 silly audit   resolve: [ '1.22.12' ],
13 silly audit   reusify: [ '1.1.0' ],
13 silly audit   rollup: [ '4.60.2' ],
13 silly audit   'run-parallel': [ '1.2.0' ],
13 silly audit   scheduler: [ '0.23.2' ],
13 silly audit   semver: [ '6.3.1' ],
13 silly audit   'source-map-js': [ '1.2.1' ],
13 silly audit   sucrase: [ '3.35.1' ],
13 silly audit   'supports-preserve-symlinks-flag': [ '1.0.0' ],
13 silly audit   tailwindcss: [ '3.4.19' ],
13 silly audit   thenify: [ '3.3.1' ],
13 silly audit   'thenify-all': [ '1.6.0' ],
13 silly audit   tinyglobby: [ '0.2.16' ],
13 silly audit   fdir: [ '6.5.0' ],
13 silly audit   'to-regex-range': [ '5.0.1' ],
13 silly audit   'ts-interface-checker': [ '0.1.13' ],
13 silly audit   'update-browserslist-db': [ '1.2.3' ],
13 silly audit   'util-deprecate': [ '1.0.2' ],
13 silly audit   vite: [ '5.4.21' ],
13 silly audit   yallist: [ '3.1.1' ]
13 silly audit }
14 http fetch POST 200 https://registry.npmjs.org/-/npm/v1/security/advisories/bulk 905ms
15 silly audit report {
15 silly audit report   esbuild: [
15 silly audit report     {
15 silly audit report       id: 1102341,
15 silly audit report       url: 'https://github.com/advisories/GHSA-67mh-4wv8-2f99',
15 silly audit report       title: 'esbuild enables any website to send any requests to the development server and read the response',
15 silly audit report       severity: 'moderate',
15 silly audit report       vulnerable_versions: '<=0.24.2',
15 silly audit report       cwe: [Array],
15 silly audit report       cvss: [Object]
15 silly audit report     }
15 silly audit report   ],
15 silly audit report   vite: [
15 silly audit report     {
15 silly audit report       id: 1116229,
15 silly audit report       url: 'https://github.com/advisories/GHSA-4w7w-66w2-5vf9',
15 silly audit report       title: 'Vite Vulnerable to Path Traversal in Optimized Deps `.map` Handling',
15 silly audit report       severity: 'moderate',
15 silly audit report       vulnerable_versions: '<=6.4.1',
15 silly audit report       cwe: [Array],
15 silly audit report       cvss: [Object]
15 silly audit report     }
15 silly audit report   ]
15 silly audit report }
16 silly packumentCache corgi:https://registry.npmjs.org/esbuild cache-miss
17 silly packumentCache corgi:https://registry.npmjs.org/vite cache-miss
18 http cache https://registry.npmjs.org/esbuild 17ms (cache hit)
19 silly packumentCache corgi:https://registry.npmjs.org/esbuild set size:885757 disposed:false
20 http cache https://registry.npmjs.org/vite 29ms (cache hit)
21 silly packumentCache corgi:https://registry.npmjs.org/vite set size:2234939 disposed:false
22 silly packumentCache corgi:https://registry.npmjs.org/@vitejs%2fplugin-react cache-miss
23 http cache https://registry.npmjs.org/@vitejs%2fplugin-react 13ms (cache hit)
24 silly packumentCache corgi:https://registry.npmjs.org/@vitejs%2fplugin-react set size:112470 disposed:false
25 verbose cwd /Users/vfkmrjdcrfz/Documents/New project
26 verbose os Darwin 25.4.0
27 verbose node v25.9.0
28 verbose npm  v11.12.1
29 verbose exit 1
30 verbose code 1
